<?xml version="1.0" encoding="utf-8"?><testsuites name="pytest tests"><testsuite name="pytest" errors="1" failures="0" skipped="0" tests="1" time="0.091" timestamp="2026-07-14T17:46:28.636675+08:00" hostname="DESKTOP-RF1Q5IJ"><testcase classname="" name="tests.unit.test_literature_survey_m19_transport" time="0.000"><error message="collection failure">ImportError while importing test module '/home/chakwong/research-assistant/tests/unit/test_literature_survey_m19_transport.py'.
Hint: make sure your test modules/packages have valid Python names.
Traceback:
../anaconda3/envs/tf-gpu/lib/python3.11/importlib/__init__.py:126: in import_module
    return _bootstrap._gcd_import(name[level:], package, level)
           ^^^^^^^^^^^^^^^^^^^^^^^^^^^^^^^^^^^^^^^^^^^^^^^^^^^^
tests/unit/test_literature_survey_m19_transport.py:12: in &lt;module&gt;
    from research_assistant.survey import build as survey_build
E   ModuleNotFoundError: No module named 'research_assistant.survey'</error></testcase></testsuite></testsuites>