<?xml version="1.0" encoding="utf-8"?><testsuites name="pytest tests"><testsuite name="pytest" errors="0" failures="0" skipped="0" tests="58" time="3.477" timestamp="2026-07-14T16:39:09.292485+08:00" hostname="DESKTOP-RF1Q5IJ"><testcase classname="tests.unit.test_literature_survey_m16_phase7" name="test_seed_parser_closes_identifier_and_title_forms[arxiv:2201.12220v3-arxiv_id-arxiv:2201.12220v3]" time="0.000" /><testcase classname="tests.unit.test_literature_survey_m16_phase7" name="test_seed_parser_closes_identifier_and_title_forms[https://arxiv.org/pdf/2201.12220v3.pdf-arxiv_id-arxiv:2201.12220v3]" time="0.000" /><testcase classname="tests.unit.test_literature_survey_m16_phase7" name="test_seed_parser_closes_identifier_and_title_forms[doi:10.1000/ABC-doi-doi:10.1000/abc]" time="0.000" /><testcase classname="tests.unit.test_literature_survey_m16_phase7" name="test_seed_parser_closes_identifier_and_title_forms[https://doi.org/10.1000/ABC-doi-doi:10.1000/abc]" time="0.000" /><testcase classname="tests.unit.test_literature_survey_m16_phase7" name="test_seed_parser_closes_identifier_and_title_forms[openalex:W123-openalex_id-openalex:w123]" time="0.000" /><testcase classname="tests.unit.test_literature_survey_m16_phase7" name="test_seed_parser_closes_identifier_and_title_forms[https://openalex.org/W123-openalex_id-openalex:w123]" time="0.000" /><testcase classname="tests.unit.test_literature_survey_m16_phase7" name="test_seed_parser_closes_identifier_and_title_forms[Neural Optimal Transport-title-neural optimal transport]" time="0.000" /><testcase classname="tests.unit.test_literature_survey_m16_phase7" name="test_exact_arxiv_version_seed_resolves_against_family_alias" time="0.001" /><testcase classname="tests.unit.test_literature_survey_m16_phase7" name="test_exact_mission_seed_identifier_wins_component_display[arxiv:2201.12220v3-arxiv:2201.12220v3]" time="0.000" /><testcase classname="tests.unit.test_literature_survey_m16_phase7" name="test_exact_mission_seed_identifier_wins_component_display[doi:10.1000/neural-ot-doi:10.1000/neural-ot]" time="0.000" /><testcase classname="tests.unit.test_literature_survey_m16_phase7" name="test_exact_mission_seed_identifier_wins_component_display[openalex:W123-openalex:w123]" time="0.000" /><testcase classname="tests.unit.test_literature_survey_m16_phase7" name="test_identifier_conflict_blocks_global_seed_gate_and_intake_candidates" time="0.000" /><testcase classname="tests.unit.test_literature_survey_m16_phase7" name="test_title_seed_choices_are_scoped_to_its_query_provenance" time="0.000" /><testcase classname="tests.unit.test_literature_survey_m16_phase7" name="test_two_exact_title_choices_are_ambiguous_and_block_every_candidate" time="0.000" /><testcase classname="tests.unit.test_literature_survey_m16_phase7" name="test_high_margin_title_requires_three_seed_tokens" time="0.000" /><testcase classname="tests.unit.test_literature_survey_m16_phase7" name="test_multi_seed_gate_forbids_partial_intake" time="0.000" /><testcase classname="tests.unit.test_literature_survey_m16_phase7" name="test_record_schema_rejects_malformed_scalar_types[citation_count-True]" time="0.000" /><testcase classname="tests.unit.test_literature_survey_m16_phase7" name="test_record_schema_rejects_malformed_scalar_types[citation_count--1]" time="0.000" /><testcase classname="tests.unit.test_literature_survey_m16_phase7" name="test_record_schema_rejects_malformed_scalar_types[citation_count-1.5]" time="0.000" /><testcase classname="tests.unit.test_literature_survey_m16_phase7" name="test_record_schema_rejects_malformed_scalar_types[year-False]" time="0.000" /><testcase classname="tests.unit.test_literature_survey_m16_phase7" name="test_record_schema_rejects_malformed_scalar_types[year-999]" time="0.000" /><testcase classname="tests.unit.test_literature_survey_m16_phase7" name="test_record_schema_rejects_malformed_scalar_types[title----]" time="0.000" /><testcase classname="tests.unit.test_literature_survey_m16_phase7" name="test_unknown_private_or_path_field_is_rejected" time="0.000" /><testcase classname="tests.unit.test_literature_survey_m16_phase7" name="test_compatible_arxiv_doi_openalex_rows_merge_independent_of_order" time="0.000" /><testcase classname="tests.unit.test_literature_survey_m16_phase7" name="test_mixed_arxiv_doi_component_allows_distant_publication_year" time="0.000" /><testcase classname="tests.unit.test_literature_survey_m16_phase7" name="test_non_family_distant_year_component_is_visible_conflict_without_paper_id" time="0.000" /><testcase classname="tests.unit.test_literature_survey_m16_phase7" name="test_strong_alias_title_conflict_has_no_paper_id" time="0.000" /><testcase classname="tests.unit.test_literature_survey_m16_phase7" name="test_title_only_possible_duplicates_have_distinct_stable_ids" time="0.000" /><testcase classname="tests.unit.test_literature_survey_m16_phase7" name="test_exact_source_duplicate_collapses_and_retains_duplicate_evidence" time="0.000" /><testcase classname="tests.unit.test_literature_survey_m16_phase7" name="test_multi_provider_duplicate_has_one_visible_input_row_disposition" time="0.000" /><testcase classname="tests.unit.test_literature_survey_m16_phase7" name="test_record_provider_list_must_equal_provider_record_coverage" time="0.000" /><testcase classname="tests.unit.test_literature_survey_m16_phase7" name="test_provider_record_routes_must_equal_query_provenance" time="0.000" /><testcase classname="tests.unit.test_literature_survey_m16_phase7" name="test_duplicate_routing_merges_working_roles_without_mutating_input_evidence" time="0.000" /><testcase classname="tests.unit.test_literature_survey_m16_phase7" name="test_same_source_identity_with_changed_metadata_fails_closed" time="0.000" /><testcase classname="tests.unit.test_literature_survey_m16_phase7" name="test_stable_identity_ignores_order_and_citation_count" time="0.000" /><testcase classname="tests.unit.test_literature_survey_m16_phase7" name="test_relevance_beats_high_citation_noise_and_keeps_exclusion_visible" time="0.000" /><testcase classname="tests.unit.test_literature_survey_m16_phase7" name="test_direct_role_requires_one_token_and_navigation_role_requires_two" time="0.001" /><testcase classname="tests.unit.test_literature_survey_m16_phase7" name="test_cap_applies_after_relevance_and_keeps_rows_visible" time="0.000" /><testcase classname="tests.unit.test_literature_survey_m16_phase7" name="test_citation_tiebreak_is_confined_to_equal_relevance_stratum" time="0.000" /><testcase classname="tests.unit.test_literature_survey_m16_phase7" name="test_seed_count_above_metadata_cap_fails_before_record_processing" time="0.000" /><testcase classname="tests.unit.test_literature_survey_m16_phase7" name="test_boolean_metadata_cap_blocks_before_provider_collection" time="0.001" /><testcase classname="tests.unit.test_literature_survey_m16_phase7" name="test_invalid_explicit_provider_list_blocks_before_collection[providers0-missing_public_metadata_provider]" time="0.001" /><testcase classname="tests.unit.test_literature_survey_m16_phase7" name="test_invalid_explicit_provider_list_blocks_before_collection[providers1-invalid_public_metadata_provider]" time="0.001" /><testcase classname="tests.unit.test_literature_survey_m16_phase7" name="test_invalid_explicit_provider_list_blocks_before_collection[providers2-invalid_public_metadata_provider]" time="0.001" /><testcase classname="tests.unit.test_literature_survey_m16_phase7" name="test_v2_builder_commits_reuses_and_rejects_tamper" time="0.090" /><testcase classname="tests.unit.test_literature_survey_m16_phase7" name="test_v2_builder_rejects_symlinked_root_before_provider_call" time="0.001" /><testcase classname="tests.unit.test_literature_survey_m16_phase7" name="test_provider_exception_and_malformed_rows_become_closed_unavailable_status" time="0.000" /><testcase classname="tests.unit.test_literature_survey_m16_phase7" name="test_v2_reuse_rejects_provider_count_tamper" time="0.091" /><testcase classname="tests.unit.test_literature_survey_m16_phase7" name="test_v2_authority_binds_all_artifacts_through_intake_replay" time="0.167" /><testcase classname="tests.unit.test_literature_survey_m16_phase7" name="test_v2_authority_accepts_roleless_relevance_inclusion" time="0.102" /><testcase classname="tests.unit.test_literature_survey_m16_phase7" name="test_blocked_v2_seed_gate_performs_zero_intake_calls" time="0.140" /><testcase classname="tests.unit.test_literature_survey_m16_phase7" name="test_v2_discriminator_forbids_candidate_schema_downgrade" time="0.104" /><testcase classname="tests.unit.test_literature_survey_m16_phase7" name="test_orchestrator_rejects_manifestless_v2_residue" time="0.285" /><testcase classname="tests.unit.test_literature_survey_m16_phase7" name="test_ordinary_orchestrator_semantically_replays_committed_v2" time="0.147" /><testcase classname="tests.unit.test_literature_survey_m16_phase7" name="test_ordinary_orchestrator_candidate_schema_forbids_v2_downgrade" time="0.158" /><testcase classname="tests.unit.test_literature_survey_m16_phase7" name="test_ordinary_orchestrator_bounds_invalid_utf8_v2_manifest" time="0.158" /><testcase classname="tests.unit.test_literature_survey_m16_phase7" name="test_orchestrator_blocks_unresolved_v2_before_capability_call" time="0.350" /><testcase classname="tests.unit.test_literature_survey_m16_phase7" name="test_title_seed_v2_runs_intake_anchors_packet_and_replays" time="1.612" /></testsuite></testsuites>