<?xml version="1.0" encoding="utf-8"?><testsuites name="pytest tests"><testsuite name="pytest" errors="0" failures="0" skipped="0" tests="846" time="577.743" timestamp="2026-07-14T16:40:00.281476+08:00" hostname="DESKTOP-RF1Q5IJ"><testcase classname="tests.unit.test_literature_survey_m16" name="test_published_fingerprint_generation_and_migration_vectors" time="0.001" /><testcase classname="tests.unit.test_literature_survey_m16" name="test_normalization_and_budget_validation_are_strict" time="0.001" /><testcase classname="tests.unit.test_literature_survey_m16" name="test_new_commit_and_equivalent_resume_preserve_identity" time="0.111" /><testcase classname="tests.unit.test_literature_survey_m16" name="test_checkpoint_persists_generation_and_retains_lock_until_commit" time="0.094" /><testcase classname="tests.unit.test_literature_survey_m16" name="test_confirmation_is_monotonic_across_resume" time="0.111" /><testcase classname="tests.unit.test_literature_survey_m16" name="test_changed_identity_force_and_resume_conflicts_block_without_mutation" time="0.083" /><testcase classname="tests.unit.test_literature_survey_m16" name="test_current_generation_tamper_is_rejected" time="0.063" /><testcase classname="tests.unit.test_literature_survey_m16" name="test_v1_migration_is_deterministic_and_does_not_invent_confirmation" time="0.056" /><testcase classname="tests.unit.test_literature_survey_m16" name="test_v1_non_boolean_confirmation_blocks_and_preserves_bytes" time="0.009" /><testcase classname="tests.unit.test_literature_survey_m16" name="test_v1_cli_confirmation_is_checkpointed_before_provider_and_survives_flagless_resume" time="0.081" /><testcase classname="tests.unit.test_literature_survey_m16" name="test_crash_after_genesis_final_rename_retries_with_fresh_generation_id" time="0.081" /><testcase classname="tests.unit.test_literature_survey_m16" name="test_interrupted_genesis_corruption_blocks_without_current[remove_transaction-unjournaled_generation_state]" time="0.044" /><testcase classname="tests.unit.test_literature_survey_m16" name="test_interrupted_genesis_corruption_blocks_without_current[foreign_fingerprint-foreign_interrupted_transaction]" time="0.043" /><testcase classname="tests.unit.test_literature_survey_m16" name="test_interrupted_genesis_corruption_blocks_without_current[manifest_digest-orphan_manifest_hash_mismatch]" time="0.043" /><testcase classname="tests.unit.test_literature_survey_m16" name="test_interrupted_genesis_corruption_blocks_without_current[unexpected_directory-unjournaled_generation_state]" time="0.044" /><testcase classname="tests.unit.test_literature_survey_m16" name="test_interrupted_genesis_prepared_manifest_rejects_malformed_bytes[missing_field]" time="0.047" /><testcase classname="tests.unit.test_literature_survey_m16" name="test_interrupted_genesis_prepared_manifest_rejects_malformed_bytes[unknown_field]" time="0.043" /><testcase classname="tests.unit.test_literature_survey_m16" name="test_interrupted_genesis_prepared_manifest_rejects_malformed_bytes[noncanonical]" time="0.046" /><testcase classname="tests.unit.test_literature_survey_m16" name="test_crash_after_current_replace_selects_complete_new_generation" time="0.062" /><testcase classname="tests.unit.test_literature_survey_m16" name="test_live_lock_non_owner_and_stale_lock_behavior" time="0.015" /><testcase classname="tests.unit.test_literature_survey_m16" name="test_cli_confirmation_survives_flagless_resume_and_mirrors_are_consistent" time="0.147" /><testcase classname="tests.unit.test_literature_survey_m16" name="test_cli_changed_topic_or_seed_blocks_without_changing_current" time="0.116" /><testcase classname="tests.unit.test_literature_survey_m16" name="test_cli_existing_state_requires_resume_and_force_never_overwrites" time="0.171" /><testcase classname="tests.unit.test_literature_survey_m16" name="test_cli_corrupt_current_is_bounded_and_does_not_run_workflow" time="0.096" /><testcase classname="tests.unit.test_literature_survey_m16" name="test_confirmation_checkpoint_survives_provider_crash_then_flagless_resume" time="0.167" /><testcase classname="tests.unit.test_literature_survey_m16" name="test_interrupted_unconfirmed_genesis_confirmation_is_checkpointed" time="0.091" /><testcase classname="tests.unit.test_literature_survey_m16" name="test_multiprocess_live_lock_contention_is_bounded" time="0.145" /><testcase classname="tests.unit.test_literature_survey_m16" name="test_multiprocess_confirm_default_race_preserves_confirmation" time="0.443" /><testcase classname="tests.unit.test_literature_survey_m16" name="test_multiprocess_owner_crash_is_reclaimed" time="0.118" /><testcase classname="tests.unit.test_literature_survey_m16" name="test_two_stale_reclaimers_cannot_unlink_new_live_owner" time="0.202" /><testcase classname="tests.unit.test_literature_survey_m16" name="test_generation_two_crash_matrix_selects_valid_authority[transaction_intent:after_temp_write]" time="0.078" /><testcase classname="tests.unit.test_literature_survey_m16" name="test_generation_two_crash_matrix_selects_valid_authority[transaction_intent:after_temp_fsync]" time="0.075" /><testcase classname="tests.unit.test_literature_survey_m16" name="test_generation_two_crash_matrix_selects_valid_authority[transaction_intent:after_replace]" time="0.282" /><testcase classname="tests.unit.test_literature_survey_m16" name="test_generation_two_crash_matrix_selects_valid_authority[transaction_intent:after_directory_fsync]" time="0.219" /><testcase classname="tests.unit.test_literature_survey_m16" name="test_generation_two_crash_matrix_selects_valid_authority[generation:after_staging_mkdir]" time="0.083" /><testcase classname="tests.unit.test_literature_survey_m16" name="test_generation_two_crash_matrix_selects_valid_authority[generation:after_staging_parent_fsync]" time="0.080" /><testcase classname="tests.unit.test_literature_survey_m16" name="test_generation_two_crash_matrix_selects_valid_authority[generation:mission_control:after_write]" time="0.079" /><testcase classname="tests.unit.test_literature_survey_m16" name="test_generation_two_crash_matrix_selects_valid_authority[generation:mission_control:after_fsync]" time="0.083" /><testcase classname="tests.unit.test_literature_survey_m16" name="test_generation_two_crash_matrix_selects_valid_authority[generation:next_action:after_write]" time="0.084" /><testcase classname="tests.unit.test_literature_survey_m16" name="test_generation_two_crash_matrix_selects_valid_authority[generation:next_action:after_fsync]" time="0.089" /><testcase classname="tests.unit.test_literature_survey_m16" name="test_generation_two_crash_matrix_selects_valid_authority[generation:generation_manifest:after_write]" time="0.089" /><testcase classname="tests.unit.test_literature_survey_m16" name="test_generation_two_crash_matrix_selects_valid_authority[generation:generation_manifest:after_fsync]" time="0.087" /><testcase classname="tests.unit.test_literature_survey_m16" name="test_generation_two_crash_matrix_selects_valid_authority[generation:after_staging_fsync]" time="0.090" /><testcase classname="tests.unit.test_literature_survey_m16" name="test_generation_two_crash_matrix_selects_valid_authority[transaction_prepared:after_temp_write]" time="0.095" /><testcase classname="tests.unit.test_literature_survey_m16" name="test_generation_two_crash_matrix_selects_valid_authority[transaction_prepared:after_temp_fsync]" time="0.091" /><testcase classname="tests.unit.test_literature_survey_m16" name="test_generation_two_crash_matrix_selects_valid_authority[transaction_prepared:after_replace]" time="0.097" /><testcase classname="tests.unit.test_literature_survey_m16" name="test_generation_two_crash_matrix_selects_valid_authority[transaction_prepared:after_directory_fsync]" time="0.096" /><testcase classname="tests.unit.test_literature_survey_m16" name="test_generation_two_crash_matrix_selects_valid_authority[generation:after_final_rename]" time="0.094" /><testcase classname="tests.unit.test_literature_survey_m16" name="test_generation_two_crash_matrix_selects_valid_authority[generation:after_generations_fsync]" time="0.096" /><testcase classname="tests.unit.test_literature_survey_m16" name="test_generation_two_crash_matrix_selects_valid_authority[current:after_temp_write]" time="0.102" /><testcase classname="tests.unit.test_literature_survey_m16" name="test_generation_two_crash_matrix_selects_valid_authority[current:after_temp_fsync]" time="0.095" /><testcase classname="tests.unit.test_literature_survey_m16" name="test_generation_two_crash_matrix_selects_valid_authority[current:after_replace]" time="0.110" /><testcase classname="tests.unit.test_literature_survey_m16" name="test_generation_two_crash_matrix_selects_valid_authority[current:after_directory_fsync]" time="0.116" /><testcase classname="tests.unit.test_literature_survey_m16" name="test_generation_two_crash_matrix_selects_valid_authority[transaction_committed:after_temp_write]" time="0.114" /><testcase classname="tests.unit.test_literature_survey_m16" name="test_generation_two_crash_matrix_selects_valid_authority[transaction_committed:after_temp_fsync]" time="0.115" /><testcase classname="tests.unit.test_literature_survey_m16" name="test_generation_two_crash_matrix_selects_valid_authority[transaction_committed:after_replace]" time="0.122" /><testcase classname="tests.unit.test_literature_survey_m16" name="test_generation_two_crash_matrix_selects_valid_authority[transaction_committed:after_directory_fsync]" time="0.118" /><testcase classname="tests.unit.test_literature_survey_m16" name="test_generation_two_crash_matrix_selects_valid_authority[mission_mirror:after_temp_write]" time="0.118" /><testcase classname="tests.unit.test_literature_survey_m16" name="test_generation_two_crash_matrix_selects_valid_authority[mission_mirror:after_temp_fsync]" time="0.117" /><testcase classname="tests.unit.test_literature_survey_m16" name="test_generation_two_crash_matrix_selects_valid_authority[mission_mirror:after_replace]" time="0.112" /><testcase classname="tests.unit.test_literature_survey_m16" name="test_generation_two_crash_matrix_selects_valid_authority[mission_mirror:after_directory_fsync]" time="0.118" /><testcase classname="tests.unit.test_literature_survey_m16" name="test_generation_two_crash_matrix_selects_valid_authority[next_action_mirror:after_temp_write]" time="0.122" /><testcase classname="tests.unit.test_literature_survey_m16" name="test_generation_two_crash_matrix_selects_valid_authority[next_action_mirror:after_temp_fsync]" time="0.123" /><testcase classname="tests.unit.test_literature_survey_m16" name="test_generation_two_crash_matrix_selects_valid_authority[next_action_mirror:after_replace]" time="0.114" /><testcase classname="tests.unit.test_literature_survey_m16" name="test_generation_two_crash_matrix_selects_valid_authority[next_action_mirror:after_directory_fsync]" time="0.114" /><testcase classname="tests.unit.test_literature_survey_m16" name="test_genesis_atomic_write_crash_recovers_without_inventing_authority[genesis:after_temp_write]" time="0.026" /><testcase classname="tests.unit.test_literature_survey_m16" name="test_genesis_atomic_write_crash_recovers_without_inventing_authority[genesis:after_temp_fsync]" time="0.025" /><testcase classname="tests.unit.test_literature_survey_m16" name="test_genesis_atomic_write_crash_recovers_without_inventing_authority[genesis:after_replace]" time="0.020" /><testcase classname="tests.unit.test_literature_survey_m16" name="test_genesis_atomic_write_crash_recovers_without_inventing_authority[genesis:after_directory_fsync]" time="0.023" /><testcase classname="tests.unit.test_literature_survey_m16" name="test_prepared_current_journal_is_reconciled" time="0.066" /><testcase classname="tests.unit.test_literature_survey_m16" name="test_corrupt_orphan_blocks_before_prepared_current_reconciliation" time="0.052" /><testcase classname="tests.unit.test_literature_survey_m16" name="test_digest_valid_embedded_next_action_disagreement_blocks" time="0.064" /><testcase classname="tests.unit.test_literature_survey_m16" name="test_corrupt_or_foreign_generation_two_orphan_blocks[foreign_transaction-foreign_transaction]" time="0.083" /><testcase classname="tests.unit.test_literature_survey_m16" name="test_corrupt_or_foreign_generation_two_orphan_blocks[unlogged_directory-unjournaled_generation_state]" time="0.086" /><testcase classname="tests.unit.test_literature_survey_m16" name="test_corrupt_or_foreign_generation_two_orphan_blocks[invalid_parent-invalid_transaction_identity]" time="0.080" /><testcase classname="tests.unit.test_literature_survey_m16" name="test_corrupt_or_foreign_generation_two_orphan_blocks[unexpected_staging_file-unexpected_partial_staging_file]" time="0.082" /><testcase classname="tests.unit.test_literature_survey_m16" name="test_corrupt_or_foreign_generation_two_orphan_blocks[intent_digest-transaction_intent_mismatch]" time="0.430" /><testcase classname="tests.unit.test_literature_survey_m16" name="test_generation_collision_preserves_existing_transaction_bytes" time="0.055" /><testcase classname="tests.unit.test_literature_survey_m16" name="test_unsafe_state_paths_and_unknown_empty_generation_directory_block" time="0.077" /><testcase classname="tests.unit.test_literature_survey_m16" name="test_nested_artifact_symlink_parent_blocks_before_external_hash" time="0.065" /><testcase classname="tests.unit.test_literature_survey_m16" name="test_contract_lineage_artifact_rows_are_structurally_validated[artifact_rows0-invalid_schema]" time="0.064" /><testcase classname="tests.unit.test_literature_survey_m16" name="test_contract_lineage_artifact_rows_are_structurally_validated[artifact_rows1-invalid_artifact_path]" time="0.065" /><testcase classname="tests.unit.test_literature_survey_m16" name="test_contract_lineage_artifact_rows_are_structurally_validated[artifact_rows2-invalid_artifact_rows]" time="0.062" /><testcase classname="tests.unit.test_literature_survey_m16" name="test_confirmed_timestamp_must_be_utc_rfc3339" time="0.025" /><testcase classname="tests.unit.test_literature_survey_m16" name="test_v1_scope_claims_and_migrated_uuid_tamper_block" time="0.033" /><testcase classname="tests.unit.test_literature_survey_m16" name="test_v1_nested_confirmation_scope_blocks_without_inventing_authority[extra_confirmation0]" time="0.009" /><testcase classname="tests.unit.test_literature_survey_m16" name="test_v1_nested_confirmation_scope_blocks_without_inventing_authority[extra_confirmation1]" time="0.010" /><testcase classname="tests.unit.test_literature_survey_m16" name="test_v1_nested_confirmation_scope_blocks_without_inventing_authority[extra_confirmation2]" time="0.012" /><testcase classname="tests.unit.test_literature_survey_m16" name="test_v1_nested_confirmation_scope_blocks_without_inventing_authority[extra_confirmation3]" time="0.012" /><testcase classname="tests.unit.test_literature_survey_m16" name="test_confirmed_provider_write_outside_mission_root_blocks_before_call_or_commit" time="0.031" /><testcase classname="tests.unit.test_literature_survey_m16" name="test_malformed_transaction_fields_return_bounded_errors[generation-True]" time="0.030" /><testcase classname="tests.unit.test_literature_survey_m16" name="test_malformed_transaction_fields_return_bounded_errors[parent_generation_id-value1]" time="0.030" /><testcase classname="tests.unit.test_literature_survey_m16" name="test_malformed_transaction_fields_return_bounded_errors[transaction_nonce-7]" time="0.033" /><testcase classname="tests.unit.test_literature_survey_m16_phase2" name="test_immutable_set_is_deterministic_and_selected_paths_validate" time="0.129" /><testcase classname="tests.unit.test_literature_survey_m16_phase2" name="test_packet_change_selects_new_set_and_old_queue_is_stale" time="0.090" /><testcase classname="tests.unit.test_literature_survey_m16_phase2" name="test_selected_member_corruption_blocks_without_moving_current" time="0.043" /><testcase classname="tests.unit.test_literature_survey_m16_phase2" name="test_genesis_crash_is_absent_or_complete_and_retry_succeeds[artifact_genesis:after_temp_write]" time="0.014" /><testcase classname="tests.unit.test_literature_survey_m16_phase2" name="test_genesis_crash_is_absent_or_complete_and_retry_succeeds[artifact_genesis:after_temp_fsync]" time="0.015" /><testcase classname="tests.unit.test_literature_survey_m16_phase2" name="test_genesis_crash_is_absent_or_complete_and_retry_succeeds[artifact_genesis:after_replace]" time="0.009" /><testcase classname="tests.unit.test_literature_survey_m16_phase2" name="test_genesis_crash_is_absent_or_complete_and_retry_succeeds[artifact_genesis:after_directory_fsync]" time="0.013" /><testcase classname="tests.unit.test_literature_survey_m16_phase2" name="test_final_orphan_set_and_current_temp_residue_allow_retry" time="0.102" /><testcase classname="tests.unit.test_literature_survey_m16_phase2" name="test_semantic_item_ids_are_stable_and_collisions_block" time="0.000" /><testcase classname="tests.unit.test_literature_survey_m16_phase2" name="test_public_writer_rejects_protected_root_and_missing_descendants[.artifact_state-protected_artifact_state_write]" time="0.002" /><testcase classname="tests.unit.test_literature_survey_m16_phase2" name="test_public_writer_rejects_protected_root_and_missing_descendants[.artifact_state/sets/new-protected_artifact_state_write]" time="0.001" /><testcase classname="tests.unit.test_literature_survey_m16_phase2" name="test_public_writer_rejects_protected_root_and_missing_descendants[.artifact_state/missing/leaf-protected_artifact_state_write]" time="0.001" /><testcase classname="tests.unit.test_literature_survey_m16_phase2" name="test_public_writer_rejects_protected_root_and_missing_descendants[.mission_state-protected_mission_state_write]" time="0.001" /><testcase classname="tests.unit.test_literature_survey_m16_phase2" name="test_public_writer_rejects_protected_root_and_missing_descendants[.mission_state/generations/new-protected_mission_state_write]" time="0.001" /><testcase classname="tests.unit.test_literature_survey_m16_phase2" name="test_public_writer_rejects_protected_root_and_missing_descendants[.mission_state/missing/leaf-protected_mission_state_write]" time="0.001" /><testcase classname="tests.unit.test_literature_survey_m16_phase2" name="test_public_writer_rejects_symlink_into_protected_root" time="0.001" /><testcase classname="tests.unit.test_literature_survey_m16_phase2" name="test_malformed_current_temp_and_unsafe_staging_block" time="0.010" /><testcase classname="tests.unit.test_literature_survey_m16_phase2" name="test_every_artifact_set_crash_boundary_allows_deterministic_retry[artifact_set:after_staging_parent_fsync]" time="0.065" /><testcase classname="tests.unit.test_literature_survey_m16_phase2" name="test_every_artifact_set_crash_boundary_allows_deterministic_retry[artifact_set:coverage/backward_snowball.json:after_write]" time="0.062" /><testcase classname="tests.unit.test_literature_survey_m16_phase2" name="test_every_artifact_set_crash_boundary_allows_deterministic_retry[artifact_set:coverage/backward_snowball.json:after_fsync]" time="0.109" /><testcase classname="tests.unit.test_literature_survey_m16_phase2" name="test_every_artifact_set_crash_boundary_allows_deterministic_retry[artifact_set:coverage/citation_venue_metadata.json:after_write]" time="0.065" /><testcase classname="tests.unit.test_literature_survey_m16_phase2" name="test_every_artifact_set_crash_boundary_allows_deterministic_retry[artifact_set:coverage/citation_venue_metadata.json:after_fsync]" time="0.069" /><testcase classname="tests.unit.test_literature_survey_m16_phase2" name="test_every_artifact_set_crash_boundary_allows_deterministic_retry[artifact_set:coverage/forward_snowball.json:after_write]" time="0.065" /><testcase classname="tests.unit.test_literature_survey_m16_phase2" name="test_every_artifact_set_crash_boundary_allows_deterministic_retry[artifact_set:coverage/forward_snowball.json:after_fsync]" time="0.069" /><testcase classname="tests.unit.test_literature_survey_m16_phase2" name="test_every_artifact_set_crash_boundary_allows_deterministic_retry[artifact_set:coverage/omitted_paper_risks.json:after_write]" time="0.070" /><testcase classname="tests.unit.test_literature_survey_m16_phase2" name="test_every_artifact_set_crash_boundary_allows_deterministic_retry[artifact_set:coverage/omitted_paper_risks.json:after_fsync]" time="0.067" /><testcase classname="tests.unit.test_literature_survey_m16_phase2" name="test_every_artifact_set_crash_boundary_allows_deterministic_retry[artifact_set:coverage/paper_classifications.json:after_write]" time="0.076" /><testcase classname="tests.unit.test_literature_survey_m16_phase2" name="test_every_artifact_set_crash_boundary_allows_deterministic_retry[artifact_set:coverage/paper_classifications.json:after_fsync]" time="0.070" /><testcase classname="tests.unit.test_literature_survey_m16_phase2" name="test_every_artifact_set_crash_boundary_allows_deterministic_retry[artifact_set:coverage/coverage_manifest.json:after_write]" time="0.071" /><testcase classname="tests.unit.test_literature_survey_m16_phase2" name="test_every_artifact_set_crash_boundary_allows_deterministic_retry[artifact_set:coverage/coverage_manifest.json:after_fsync]" time="0.077" /><testcase classname="tests.unit.test_literature_survey_m16_phase2" name="test_every_artifact_set_crash_boundary_allows_deterministic_retry[artifact_set:review_queue.json:after_write]" time="0.076" /><testcase classname="tests.unit.test_literature_survey_m16_phase2" name="test_every_artifact_set_crash_boundary_allows_deterministic_retry[artifact_set:review_queue.json:after_fsync]" time="0.084" /><testcase classname="tests.unit.test_literature_survey_m16_phase2" name="test_every_artifact_set_crash_boundary_allows_deterministic_retry[artifact_set:artifact_set_manifest.json:after_write]" time="0.080" /><testcase classname="tests.unit.test_literature_survey_m16_phase2" name="test_every_artifact_set_crash_boundary_allows_deterministic_retry[artifact_set:artifact_set_manifest.json:after_fsync]" time="0.076" /><testcase classname="tests.unit.test_literature_survey_m16_phase2" name="test_every_artifact_set_crash_boundary_allows_deterministic_retry[artifact_set:after_staging_fsync]" time="0.080" /><testcase classname="tests.unit.test_literature_survey_m16_phase2" name="test_every_artifact_set_crash_boundary_allows_deterministic_retry[artifact_set:after_final_rename]" time="0.056" /><testcase classname="tests.unit.test_literature_survey_m16_phase2" name="test_every_artifact_set_crash_boundary_allows_deterministic_retry[artifact_set:after_sets_fsync]" time="0.059" /><testcase classname="tests.unit.test_literature_survey_m16_phase2" name="test_every_selector_crash_boundary_exposes_complete_set_and_retries[artifact_current:after_temp_write]" time="0.061" /><testcase classname="tests.unit.test_literature_survey_m16_phase2" name="test_every_selector_crash_boundary_exposes_complete_set_and_retries[artifact_current:after_temp_fsync]" time="0.054" /><testcase classname="tests.unit.test_literature_survey_m16_phase2" name="test_every_selector_crash_boundary_exposes_complete_set_and_retries[artifact_current:after_replace]" time="0.061" /><testcase classname="tests.unit.test_literature_survey_m16_phase2" name="test_every_selector_crash_boundary_exposes_complete_set_and_retries[artifact_current:after_directory_fsync]" time="0.058" /><testcase classname="tests.unit.test_literature_survey_m16_phase2" name="test_semantic_items_are_stable_under_reorder_after_canonical_sort" time="0.000" /><testcase classname="tests.unit.test_literature_survey_m16_phase2" name="test_missing_semantic_source_identity_blocks[None]" time="0.000" /><testcase classname="tests.unit.test_literature_survey_m16_phase2" name="test_missing_semantic_source_identity_blocks[]" time="0.000" /><testcase classname="tests.unit.test_literature_survey_m16_phase2" name="test_missing_semantic_source_identity_blocks[   ]" time="0.000" /><testcase classname="tests.unit.test_literature_survey_m16_phase2" name="test_existing_corrupt_state_is_not_repaired_before_validation" time="0.055" /><testcase classname="tests.unit.test_literature_survey_m16_phase2" name="test_selected_path_alias_is_not_accepted_as_authority" time="0.050" /><testcase classname="tests.unit.test_literature_survey_m16_phase2" name="test_review_queue_digest_classifies_current_prior_and_forged" time="0.174" /><testcase classname="tests.unit.test_literature_survey_m16_phase2" name="test_nonempty_sets_without_genesis_block_before_mutation" time="0.002" /><testcase classname="tests.unit.test_literature_survey_m16_phase2" name="test_current_without_genesis_blocks_before_anchor_creation" time="0.001" /><testcase classname="tests.unit.test_literature_survey_m16_phase2" name="test_current_temp_without_genesis_blocks_before_anchor_creation" time="0.001" /><testcase classname="tests.unit.test_literature_survey_m16_phase2" name="test_selected_reader_requires_matching_mission_state" time="0.050" /><testcase classname="tests.unit.test_literature_survey_m16_phase2" name="test_artifact_manifest_rejects_extra_manifest_listed_path" time="0.050" /><testcase classname="tests.unit.test_literature_survey_m16_phase3" name="test_bound_envelope_and_exact_coverage_accept_current_complete_set" time="0.114" /><testcase classname="tests.unit.test_literature_survey_m16_phase3" name="test_selected_queue_with_unknown_fifth_type_fails_closed" time="0.112" /><testcase classname="tests.unit.test_literature_survey_m16_phase3" name="test_selected_queue_rejects_non_normative_workflow_scope[subset]" time="0.113" /><testcase classname="tests.unit.test_literature_survey_m16_phase3" name="test_selected_queue_rejects_non_normative_workflow_scope[wrong_class_type]" time="0.112" /><testcase classname="tests.unit.test_literature_survey_m16_phase3" name="test_duplicate_masks_missing_is_not_exact_coverage" time="0.112" /><testcase classname="tests.unit.test_literature_survey_m16_phase3" name="test_exact_coverage_attack_matrix_fails_for_every_type[missing-claim_candidate]" time="0.112" /><testcase classname="tests.unit.test_literature_survey_m16_phase3" name="test_exact_coverage_attack_matrix_fails_for_every_type[missing-source_safety]" time="0.413" /><testcase classname="tests.unit.test_literature_survey_m16_phase3" name="test_exact_coverage_attack_matrix_fails_for_every_type[missing-omission_risk]" time="0.129" /><testcase classname="tests.unit.test_literature_survey_m16_phase3" name="test_exact_coverage_attack_matrix_fails_for_every_type[missing-workflow_blocker]" time="0.115" /><testcase classname="tests.unit.test_literature_survey_m16_phase3" name="test_exact_coverage_attack_matrix_fails_for_every_type[duplicate-claim_candidate]" time="0.117" /><testcase classname="tests.unit.test_literature_survey_m16_phase3" name="test_exact_coverage_attack_matrix_fails_for_every_type[duplicate-source_safety]" time="0.117" /><testcase classname="tests.unit.test_literature_survey_m16_phase3" name="test_exact_coverage_attack_matrix_fails_for_every_type[duplicate-omission_risk]" time="0.138" /><testcase classname="tests.unit.test_literature_survey_m16_phase3" name="test_exact_coverage_attack_matrix_fails_for_every_type[duplicate-workflow_blocker]" time="0.117" /><testcase classname="tests.unit.test_literature_survey_m16_phase3" name="test_exact_coverage_attack_matrix_fails_for_every_type[unknown-claim_candidate]" time="0.115" /><testcase classname="tests.unit.test_literature_survey_m16_phase3" name="test_exact_coverage_attack_matrix_fails_for_every_type[unknown-source_safety]" time="0.117" /><testcase classname="tests.unit.test_literature_survey_m16_phase3" name="test_exact_coverage_attack_matrix_fails_for_every_type[unknown-omission_risk]" time="0.109" /><testcase classname="tests.unit.test_literature_survey_m16_phase3" name="test_exact_coverage_attack_matrix_fails_for_every_type[unknown-workflow_blocker]" time="0.114" /><testcase classname="tests.unit.test_literature_survey_m16_phase3" name="test_exact_coverage_attack_matrix_fails_for_every_type[wrong_type-claim_candidate]" time="0.120" /><testcase classname="tests.unit.test_literature_survey_m16_phase3" name="test_exact_coverage_attack_matrix_fails_for_every_type[wrong_type-source_safety]" time="0.113" /><testcase classname="tests.unit.test_literature_survey_m16_phase3" name="test_exact_coverage_attack_matrix_fails_for_every_type[wrong_type-omission_risk]" time="0.120" /><testcase classname="tests.unit.test_literature_survey_m16_phase3" name="test_exact_coverage_attack_matrix_fails_for_every_type[wrong_type-workflow_blocker]" time="0.111" /><testcase classname="tests.unit.test_literature_survey_m16_phase3" name="test_exact_coverage_attack_matrix_fails_for_every_type[conflicting-claim_candidate]" time="0.117" /><testcase classname="tests.unit.test_literature_survey_m16_phase3" name="test_exact_coverage_attack_matrix_fails_for_every_type[conflicting-source_safety]" time="0.118" /><testcase classname="tests.unit.test_literature_survey_m16_phase3" name="test_exact_coverage_attack_matrix_fails_for_every_type[conflicting-omission_risk]" time="0.111" /><testcase classname="tests.unit.test_literature_survey_m16_phase3" name="test_exact_coverage_attack_matrix_fails_for_every_type[conflicting-workflow_blocker]" time="0.118" /><testcase classname="tests.unit.test_literature_survey_m16_phase3" name="test_exact_coverage_attack_matrix_fails_for_every_type[non_object-claim_candidate]" time="0.119" /><testcase classname="tests.unit.test_literature_survey_m16_phase3" name="test_exact_coverage_attack_matrix_fails_for_every_type[non_object-source_safety]" time="0.113" /><testcase classname="tests.unit.test_literature_survey_m16_phase3" name="test_exact_coverage_attack_matrix_fails_for_every_type[non_object-omission_risk]" time="0.113" /><testcase classname="tests.unit.test_literature_survey_m16_phase3" name="test_exact_coverage_attack_matrix_fails_for_every_type[non_object-workflow_blocker]" time="0.113" /><testcase classname="tests.unit.test_literature_survey_m16_phase3" name="test_exact_coverage_attack_matrix_fails_for_every_type[surplus-claim_candidate]" time="0.114" /><testcase classname="tests.unit.test_literature_survey_m16_phase3" name="test_exact_coverage_attack_matrix_fails_for_every_type[surplus-source_safety]" time="0.113" /><testcase classname="tests.unit.test_literature_survey_m16_phase3" name="test_exact_coverage_attack_matrix_fails_for_every_type[surplus-omission_risk]" time="0.112" /><testcase classname="tests.unit.test_literature_survey_m16_phase3" name="test_exact_coverage_attack_matrix_fails_for_every_type[surplus-workflow_blocker]" time="0.114" /><testcase classname="tests.unit.test_literature_survey_m16_phase3" name="test_bound_envelope_rejects_wrong_identity_or_type[artifact_set_id-0000000000000000000000000000000000000000000000000000000000000000-stale_lineage]" time="0.113" /><testcase classname="tests.unit.test_literature_survey_m16_phase3" name="test_bound_envelope_rejects_wrong_identity_or_type[mission_id-33333333-3333-4333-8333-333333333333-foreign_lineage]" time="0.112" /><testcase classname="tests.unit.test_literature_survey_m16_phase3" name="test_bound_envelope_rejects_wrong_identity_or_type[mission_fingerprint-0000000000000000000000000000000000000000000000000000000000000000-foreign_lineage]" time="0.111" /><testcase classname="tests.unit.test_literature_survey_m16_phase3" name="test_bound_envelope_rejects_wrong_identity_or_type[queue_semantic_sha256-0000000000000000000000000000000000000000000000000000000000000000-stale_lineage]" time="0.115" /><testcase classname="tests.unit.test_literature_survey_m16_phase3" name="test_bound_envelope_rejects_wrong_identity_or_type[review_queue_sha256-0000000000000000000000000000000000000000000000000000000000000000-stale_lineage]" time="0.105" /><testcase classname="tests.unit.test_literature_survey_m16_phase3" name="test_bound_envelope_rejects_wrong_identity_or_type[decision_type-source_safety-wrong_decision_type]" time="0.114" /><testcase classname="tests.unit.test_literature_survey_m16_phase3" name="test_bound_envelope_rejects_missing_or_wrong_schema[missing_schema-invalid_schema]" time="0.111" /><testcase classname="tests.unit.test_literature_survey_m16_phase3" name="test_bound_envelope_rejects_missing_or_wrong_schema[wrong_schema-invalid_decision_schema]" time="0.357" /><testcase classname="tests.unit.test_literature_survey_m16_phase3" name="test_bound_envelope_rejects_missing_or_wrong_schema[missing_field-invalid_schema]" time="0.174" /><testcase classname="tests.unit.test_literature_survey_m16_phase3" name="test_decision_input_rejects_malformed_json_and_nonregular_paths" time="0.117" /><testcase classname="tests.unit.test_literature_survey_m16_phase3" name="test_sidecar_input_rejects_nonregular_path" time="0.116" /><testcase classname="tests.unit.test_literature_survey_m16_phase3" name="test_text_and_time_normalization_reject_control_naive_and_nonstring_values" time="0.000" /><testcase classname="tests.unit.test_literature_survey_m16_phase3" name="test_claim_constraint_rejects_duplicate_claim_ids_across_exact_queue_rows" time="0.108" /><testcase classname="tests.unit.test_literature_survey_m16_phase3" name="test_claim_validator_rejects_malformed_local_artifact_hash[project_derivation]" time="0.108" /><testcase classname="tests.unit.test_literature_survey_m16_phase3" name="test_claim_validator_rejects_malformed_local_artifact_hash[implementation_evidence]" time="0.110" /><testcase classname="tests.unit.test_literature_survey_m16_phase3" name="test_claim_validator_rejects_invalid_text_and_timestamp_fields[claim_text-     -claim_text must not be empty]" time="0.128" /><testcase classname="tests.unit.test_literature_survey_m16_phase3" name="test_claim_validator_rejects_invalid_text_and_timestamp_fields[claim_text-invalid\x00claim-claim_text must not contain control characters]" time="0.121" /><testcase classname="tests.unit.test_literature_survey_m16_phase3" name="test_claim_validator_rejects_invalid_text_and_timestamp_fields[reviewer-     -reviewer must not be empty]" time="0.109" /><testcase classname="tests.unit.test_literature_survey_m16_phase3" name="test_claim_validator_rejects_invalid_text_and_timestamp_fields[reviewed_at-not-an-instant-reviewed_at must be an ISO-8601 instant]" time="0.110" /><testcase classname="tests.unit.test_literature_survey_m16_phase3" name="test_workflow_validator_rejects_false_resolution_of_upstream_only_blocker" time="0.000" /><testcase classname="tests.unit.test_literature_survey_m16_phase3" name="test_decision_input_symlink_is_rejected" time="0.114" /><testcase classname="tests.unit.test_literature_survey_m16_phase3" name="test_atomic_sidecar_is_canonical_and_binding_revalidates" time="0.123" /><testcase classname="tests.unit.test_literature_survey_m16_phase4" name="test_reviewed_packet_composes_and_replays_current_authority" time="6.216" /><testcase classname="tests.unit.test_literature_survey_m16_phase4" name="test_legacy_v1_authority_cannot_merge_compose_or_replay_readiness" time="0.186" /><testcase classname="tests.unit.test_literature_survey_m16_phase4" name="test_legacy_v1_final_artifact_residue_is_never_reported_ready" time="0.170" /><testcase classname="tests.unit.test_literature_survey_m16_phase4" name="test_packet_contained_path_edit_cannot_redirect_replay" time="6.605" /><testcase classname="tests.unit.test_literature_survey_m16_phase4" name="test_selected_packet_or_anchor_byte_change_invalidates_packet" time="4.839" /><testcase classname="tests.unit.test_literature_survey_m16_phase4" name="test_source_record_change_invalidates_reconstructed_anchor" time="4.528" /><testcase classname="tests.unit.test_literature_survey_m16_phase4" name="test_no_force_preserves_packet_and_failed_forced_rebuild_preserves_old_or_new_file[reviewed_packet:after_temp_write]" time="6.364" /><testcase classname="tests.unit.test_literature_survey_m16_phase4" name="test_no_force_preserves_packet_and_failed_forced_rebuild_preserves_old_or_new_file[reviewed_packet:after_temp_fsync]" time="6.274" /><testcase classname="tests.unit.test_literature_survey_m16_phase4" name="test_no_force_preserves_packet_and_failed_forced_rebuild_preserves_old_or_new_file[reviewed_packet:after_replace]" time="7.096" /><testcase classname="tests.unit.test_literature_survey_m16_phase4" name="test_no_force_preserves_packet_and_failed_forced_rebuild_preserves_old_or_new_file[reviewed_packet:after_parent_fsync]" time="6.333" /><testcase classname="tests.unit.test_literature_survey_m16_phase4" name="test_local_evidence_root_rejects_state_subtrees_and_shared_binding_is_idempotent" time="0.002" /><testcase classname="tests.unit.test_literature_survey_m16_phase4" name="test_local_evidence_support_classes_compose_and_replay_one_shared_artifact[project_derivation]" time="6.690" /><testcase classname="tests.unit.test_literature_survey_m16_phase4" name="test_local_evidence_support_classes_compose_and_replay_one_shared_artifact[implementation_evidence]" time="6.427" /><testcase classname="tests.unit.test_literature_survey_m16_phase4" name="test_local_evidence_missing_root_and_changed_bytes_block_composition" time="8.381" /><testcase classname="tests.unit.test_literature_survey_m16_phase4" name="test_local_evidence_parent_symlink_blocks_end_to_end" time="3.363" /><testcase classname="tests.unit.test_literature_survey_m16_phase4" name="test_local_evidence_protected_root_alias_blocks_end_to_end" time="4.762" /><testcase classname="tests.unit.test_literature_survey_m16_phase4" name="test_local_evidence_cannot_alias_phase4_outputs_even_with_force[reviewed_final_packet-reviewed_final_packet.json]" time="4.773" /><testcase classname="tests.unit.test_literature_survey_m16_phase4" name="test_local_evidence_cannot_alias_phase4_outputs_even_with_force[hostile_review-hostile_review_result.json]" time="4.613" /><testcase classname="tests.unit.test_literature_survey_m16_phase4" name="test_local_evidence_cannot_alias_phase4_outputs_even_with_force[hostile_review-final_packet_readiness.json]" time="4.621" /><testcase classname="tests.unit.test_literature_survey_m16_phase4" name="test_project_derivation_field_and_artifact_bytes_are_replayed" time="8.719" /><testcase classname="tests.unit.test_literature_survey_m16_phase4" name="test_structured_source_cache_never_rebinds_one_record_to_another_paper" time="0.001" /><testcase classname="tests.unit.test_literature_survey_m16_phase4" name="test_hostile_review_replays_packet_and_emits_scope_limited_readiness" time="9.921" /><testcase classname="tests.unit.test_literature_survey_m16_phase4" name="test_hostile_blockers_independently_veto_unsafe_snowball_policy_and_missing_claim_safety" time="6.114" /><testcase classname="tests.unit.test_literature_survey_m16_phase4" name="test_readiness_view_tamper_cannot_override_result_and_is_regenerated" time="13.361" /><testcase classname="tests.unit.test_literature_survey_m16_phase4" name="test_readiness_view_write_failure_preserves_authoritative_success" time="9.867" /><testcase classname="tests.unit.test_literature_survey_m16_phase4" name="test_hostile_review_rejects_raw_merge_and_invalid_packet_without_output" time="6.180" /><testcase classname="tests.unit.test_literature_survey_m16_phase4" name="test_hostile_no_force_and_crash_preserve_authoritative_result[hostile_result:after_temp_write]" time="10.276" /><testcase classname="tests.unit.test_literature_survey_m16_phase4" name="test_hostile_no_force_and_crash_preserve_authoritative_result[hostile_result:after_temp_fsync]" time="10.731" /><testcase classname="tests.unit.test_literature_survey_m16_phase4" name="test_hostile_no_force_and_crash_preserve_authoritative_result[hostile_result:after_replace]" time="11.341" /><testcase classname="tests.unit.test_literature_survey_m16_phase4" name="test_hostile_no_force_and_crash_preserve_authoritative_result[hostile_result:after_parent_fsync]" time="11.128" /><testcase classname="tests.unit.test_literature_survey_m16_phase5" name="test_complete_skeleton_validator_rejects_partial_extra_and_wrong_schema" time="0.003" /><testcase classname="tests.unit.test_literature_survey_m16_phase5" name="test_force_repair_classifier_rejects_non_replay_shapes[malformed]" time="0.001" /><testcase classname="tests.unit.test_literature_survey_m16_phase5" name="test_force_repair_classifier_rejects_non_replay_shapes[noncanonical]" time="0.001" /><testcase classname="tests.unit.test_literature_survey_m16_phase5" name="test_force_repair_classifier_rejects_non_replay_shapes[wrong_schema]" time="0.001" /><testcase classname="tests.unit.test_literature_survey_m16_phase5" name="test_force_repair_classifier_rejects_non_replay_shapes[wrong_keys]" time="0.001" /><testcase classname="tests.unit.test_literature_survey_m16_phase5" name="test_force_repair_classifier_rejects_non_replay_shapes[symlink]" time="0.002" /><testcase classname="tests.unit.test_literature_survey_m16_phase5" name="test_force_repair_classifier_allows_only_exact_schema_canonical_replay_candidate" time="0.012" /><testcase classname="tests.unit.test_literature_survey_m16_phase5" name="test_source_intake_authority_binds_id_path_hash_and_common_root" time="0.010" /><testcase classname="tests.unit.test_literature_survey_m16_phase5" name="test_source_intake_rejects_unsafe_paper_ids[]" time="0.001" /><testcase classname="tests.unit.test_literature_survey_m16_phase5" name="test_source_intake_rejects_unsafe_paper_ids[.]" time="0.001" /><testcase classname="tests.unit.test_literature_survey_m16_phase5" name="test_source_intake_rejects_unsafe_paper_ids[..]" time="0.001" /><testcase classname="tests.unit.test_literature_survey_m16_phase5" name="test_source_intake_rejects_unsafe_paper_ids[UPPER]" time="0.001" /><testcase classname="tests.unit.test_literature_survey_m16_phase5" name="test_source_intake_rejects_unsafe_paper_ids[paper.id]" time="0.001" /><testcase classname="tests.unit.test_literature_survey_m16_phase5" name="test_source_intake_rejects_unsafe_paper_ids[paper/id]" time="0.001" /><testcase classname="tests.unit.test_literature_survey_m16_phase5" name="test_source_intake_rejects_unsafe_paper_ids[paper\\id]" time="0.001" /><testcase classname="tests.unit.test_literature_survey_m16_phase5" name="test_source_intake_rejects_unsafe_paper_ids[-leading]" time="0.001" /><testcase classname="tests.unit.test_literature_survey_m16_phase5" name="test_source_intake_rejects_unsafe_paper_ids[aaaaaaaaaaaaaaaaaaaaaaaaaaaaaaaaaaaaaaaaaaaaaaaaaaaaaaaaaaaaaaaaaaaaaaaaaaaaaaaaaaaaaaaaaaaaaaaaaaaaaaaaaaaaaaaaaaaaaaaaaaaaaaaaa]" time="0.001" /><testcase classname="tests.unit.test_literature_survey_m16_phase5" name="test_source_intake_rejects_symlink_ancestor_and_mixed_roots" time="0.005" /><testcase classname="tests.unit.test_literature_survey_m16_phase5" name="test_source_intake_rejects_duplicate_id_and_never_infers_identity" time="0.002" /><testcase classname="tests.unit.test_literature_survey_m16_phase5" name="test_source_intake_rejects_missing_or_bad_digest[None]" time="0.002" /><testcase classname="tests.unit.test_literature_survey_m16_phase5" name="test_source_intake_rejects_missing_or_bad_digest[ABC]" time="0.002" /><testcase classname="tests.unit.test_literature_survey_m16_phase5" name="test_source_intake_rejects_missing_or_bad_digest[gggggggggggggggggggggggggggggggggggggggggggggggggggggggggggggggg]" time="0.002" /><testcase classname="tests.unit.test_literature_survey_m16_phase5" name="test_source_intake_rejects_missing_or_bad_digest[000000000000000000000000000000000000000000000000000000000000000]" time="0.002" /><testcase classname="tests.unit.test_literature_survey_m16_phase5" name="test_source_intake_rejects_missing_or_bad_digest[123]" time="0.002" /><testcase classname="tests.unit.test_literature_survey_m16_phase5" name="test_source_intake_rejects_record_identity_and_path_paper_mismatch" time="0.003" /><testcase classname="tests.unit.test_literature_survey_m16_phase5" name="test_source_intake_rejects_leaf_symlink_nonregular_and_nonnormalized_path" time="0.004" /><testcase classname="tests.unit.test_literature_survey_m16_phase5" name="test_canonical_output_preflight_and_observation_hash_are_fail_closed" time="0.001" /><testcase classname="tests.unit.test_literature_survey_m16_phase5" name="test_persisted_confirmation_safe_local_never_calls_provider_builder" time="0.155" /><testcase classname="tests.unit.test_literature_survey_m16_phase5" name="test_safe_local_missing_source_intake_stops_at_phase6_handoff_without_transport" time="0.110" /><testcase classname="tests.unit.test_literature_survey_m16_phase5" name="test_safe_local_malformed_source_intake_blocks_before_anchor_dispatch" time="0.100" /><testcase classname="tests.unit.test_literature_survey_m16_phase5" name="test_safe_local_partial_multifile_restart_is_terminal_invalid[anchors-write_order0-1]" time="0.523" /><testcase classname="tests.unit.test_literature_survey_m16_phase5" name="test_safe_local_partial_multifile_restart_is_terminal_invalid[anchors-write_order1-2]" time="0.510" /><testcase classname="tests.unit.test_literature_survey_m16_phase5" name="test_safe_local_partial_multifile_restart_is_terminal_invalid[anchors-write_order2-3]" time="0.525" /><testcase classname="tests.unit.test_literature_survey_m16_phase5" name="test_safe_local_partial_multifile_restart_is_terminal_invalid[anchors-write_order3-4]" time="0.521" /><testcase classname="tests.unit.test_literature_survey_m16_phase5" name="test_safe_local_partial_multifile_restart_is_terminal_invalid[packet-write_order4-1]" time="0.537" /><testcase classname="tests.unit.test_literature_survey_m16_phase5" name="test_safe_local_partial_multifile_restart_is_terminal_invalid[packet-write_order5-2]" time="0.532" /><testcase classname="tests.unit.test_literature_survey_m16_phase5" name="test_safe_local_partial_multifile_restart_is_terminal_invalid[packet-write_order6-3]" time="0.698" /><testcase classname="tests.unit.test_literature_survey_m16_phase5" name="test_safe_local_partial_multifile_restart_is_terminal_invalid[packet-write_order7-4]" time="0.808" /><testcase classname="tests.unit.test_literature_survey_m16_phase5" name="test_safe_local_partial_multifile_restart_is_terminal_invalid[packet-write_order8-5]" time="0.542" /><testcase classname="tests.unit.test_literature_survey_m16_phase5" name="test_safe_local_partial_multifile_restart_is_terminal_invalid[packet-write_order9-6]" time="0.567" /><testcase classname="tests.unit.test_literature_survey_m16_phase5" name="test_safe_local_partial_multifile_restart_is_terminal_invalid[packet-write_order10-7]" time="0.586" /><testcase classname="tests.unit.test_literature_survey_m16_phase5" name="test_safe_local_partial_multifile_restart_is_terminal_invalid[packet-write_order11-8]" time="0.545" /><testcase classname="tests.unit.test_literature_survey_m16_phase5" name="test_safe_local_partial_multifile_restart_is_terminal_invalid[packet-write_order12-9]" time="0.512" /><testcase classname="tests.unit.test_literature_survey_m16_phase5" name="test_safe_local_complete_stage_paths_use_manifest_values" time="0.451" /><testcase classname="tests.unit.test_literature_survey_m16_phase5" name="test_supervisor_observer_is_byte_read_only_for_existing_and_supplied_roots" time="0.523" /><testcase classname="tests.unit.test_literature_survey_m16_phase5" name="test_supervisor_holds_mission_lock_during_typed_stage" time="0.103" /><testcase classname="tests.unit.test_literature_survey_m16_phase5" name="test_supplied_missing_anchor_and_packet_roots_remain_read_only" time="0.677" /><testcase classname="tests.unit.test_literature_survey_m16_phase5" name="test_safe_local_reclaims_stale_owner_before_dispatch" time="0.164" /><testcase classname="tests.unit.test_literature_survey_m16_phase5" name="test_complete_writer_survives_post_dispatch_observer_failure_and_restart" time="0.108" /><testcase classname="tests.unit.test_literature_survey_m16_phase5" name="test_partial_writer_exception_is_reobserved_as_invalid_artifact" time="0.103" /><testcase classname="tests.unit.test_literature_survey_m16_phase5" name="test_safe_local_builds_anchors_packet_and_selected_queue_then_stops_for_review" time="0.901" /><testcase classname="tests.unit.test_literature_survey_m16_phase5" name="test_supervisor_rejects_unknown_action_without_dispatching_command_text" time="0.062" /><testcase classname="tests.unit.test_literature_survey_m16_phase5" name="test_supervisor_success_without_declared_output_is_stage_failure" time="0.097" /><testcase classname="tests.unit.test_literature_survey_m16_phase5" name="test_supervisor_detects_no_progress_after_one_dispatch" time="0.102" /><testcase classname="tests.unit.test_literature_survey_m16_phase5" name="test_supervisor_detects_two_state_cycle" time="0.151" /><testcase classname="tests.unit.test_literature_survey_m16_phase5" name="test_supervisor_stops_before_thirteenth_dispatch" time="0.577" /><testcase classname="tests.unit.test_literature_survey_m16_phase5" name="test_supervisor_stage_exception_commits_bounded_terminal_and_releases_lock" time="0.212" /><testcase classname="tests.unit.test_literature_survey_m16_phase5" name="test_anchor_validator_rejects_extra_key_and_same_schema_count_tampering" time="0.004" /><testcase classname="tests.unit.test_literature_survey_m16_phase5" name="test_anchor_validator_replays_row_semantics_from_attested_source_records[source_anchor_inventory.json-&lt;lambda&gt;0]" time="0.004" /><testcase classname="tests.unit.test_literature_survey_m16_phase5" name="test_anchor_validator_replays_row_semantics_from_attested_source_records[source_anchor_inventory.json-&lt;lambda&gt;1]" time="0.004" /><testcase classname="tests.unit.test_literature_survey_m16_phase5" name="test_anchor_validator_replays_row_semantics_from_attested_source_records[source_support.json-&lt;lambda&gt;]" time="0.004" /><testcase classname="tests.unit.test_literature_survey_m16_phase5" name="test_anchor_validator_replays_row_semantics_from_attested_source_records[quarantine_register.json-&lt;lambda&gt;]" time="0.004" /><testcase classname="tests.unit.test_literature_survey_m16_phase5" name="test_public_packet_validator_rejects_same_schema_output_tampering" time="0.007" /><testcase classname="tests.unit.test_literature_survey_m16_phase5" name="test_safe_local_packet_inputs_block_before_composer_or_output[symlink]" time="0.164" /><testcase classname="tests.unit.test_literature_survey_m16_phase5" name="test_safe_local_packet_inputs_block_before_composer_or_output[wrong_schema]" time="0.168" /><testcase classname="tests.unit.test_literature_survey_m16_phase6" name="test_fixture_intake_materializes_available_only_authority_and_replays" time="0.088" /><testcase classname="tests.unit.test_literature_survey_m16_phase6" name="test_complete_status_is_idempotent_and_never_recalls_capability" time="0.095" /><testcase classname="tests.unit.test_literature_survey_m16_phase6" name="test_unconfirmed_mission_blocks_before_capability_call_or_write" time="0.055" /><testcase classname="tests.unit.test_literature_survey_m16_phase6" name="test_exact_hostname_rejects_suffix_bypass_without_record_authority" time="0.099" /><testcase classname="tests.unit.test_literature_survey_m16_phase6" name="test_source_call_cap_creates_ordered_not_attempted_rows" time="0.099" /><testcase classname="tests.unit.test_literature_survey_m16_phase6" name="test_unsupported_identifier_is_no_call_and_does_not_consume_call_cap" time="0.083" /><testcase classname="tests.unit.test_literature_survey_m16_phase6" name="test_oversize_record_exhausts_remaining_calls_without_write" time="0.083" /><testcase classname="tests.unit.test_literature_survey_m16_phase6" name="test_identical_record_orphan_is_reused_after_pre_status_crash" time="0.090" /><testcase classname="tests.unit.test_literature_survey_m16_phase6" name="test_conflicting_record_orphan_blocks_without_overwrite" time="0.068" /><testcase classname="tests.unit.test_literature_survey_m16_phase6" name="test_nonavailable_retry_after_record_orphan_blocks_before_status_commit" time="0.079" /><testcase classname="tests.unit.test_literature_survey_m16_phase6" name="test_replay_rejects_nonavailable_row_promoted_into_source_support" time="0.110" /><testcase classname="tests.unit.test_literature_survey_m16_phase6" name="test_standalone_packet_and_cli_reject_v2_before_output_write" time="0.019" /><testcase classname="tests.unit.test_literature_survey_m16_phase6" name="test_safe_local_fixture_capability_continues_to_human_review_same_invocation" time="1.041" /><testcase classname="tests.unit.test_literature_survey_m16_phase6" name="test_duplicate_identifier_produces_visible_duplicate_not_duplicate_authority" time="0.083" /><testcase classname="tests.unit.test_literature_survey_m16_phase6" name="test_later_generation_keeps_creation_generation_valid_on_active_ancestry" time="0.127" /><testcase classname="tests.unit.test_literature_survey_m16_phase6" name="test_metadata_tamper_after_intake_is_rejected_on_replay" time="0.086" /><testcase classname="tests.unit.test_literature_survey_m16_phase6" name="test_metadata_candidate_provider_must_be_within_persisted_budget" time="0.017" /><testcase classname="tests.unit.test_literature_survey_m16_phase6" name="test_metadata_manifest_schema_is_closed[extra_manifest_field]" time="0.020" /><testcase classname="tests.unit.test_literature_survey_m16_phase6" name="test_metadata_manifest_schema_is_closed[missing_artifact_path]" time="0.020" /><testcase classname="tests.unit.test_literature_survey_m16_phase6" name="test_metadata_manifest_schema_is_closed[bad_workflow_mode]" time="0.018" /><testcase classname="tests.unit.test_literature_survey_m16_phase6" name="test_invalid_available_capability_result_is_bounded_without_record_write[provider]" time="0.086" /><testcase classname="tests.unit.test_literature_survey_m16_phase6" name="test_invalid_available_capability_result_is_bounded_without_record_write[http_url]" time="0.080" /><testcase classname="tests.unit.test_literature_survey_m16_phase6" name="test_invalid_available_capability_result_is_bounded_without_record_write[credential_url]" time="0.079" /><testcase classname="tests.unit.test_literature_survey_m16_phase6" name="test_invalid_available_capability_result_is_bounded_without_record_write[port_url]" time="0.084" /><testcase classname="tests.unit.test_literature_survey_m16_phase6" name="test_invalid_available_capability_result_is_bounded_without_record_write[fragment_url]" time="0.077" /><testcase classname="tests.unit.test_literature_survey_m16_phase6" name="test_invalid_available_capability_result_is_bounded_without_record_write[suffix_host]" time="0.075" /><testcase classname="tests.unit.test_literature_survey_m16_phase6" name="test_invalid_available_capability_result_is_bounded_without_record_write[byte_count]" time="0.074" /><testcase classname="tests.unit.test_literature_survey_m16_phase6" name="test_invalid_available_capability_result_is_bounded_without_record_write[declared_digest]" time="0.094" /><testcase classname="tests.unit.test_literature_survey_m16_phase6" name="test_invalid_available_capability_result_is_bounded_without_record_write[record_paper_id]" time="0.393" /><testcase classname="tests.unit.test_literature_survey_m16_phase6" name="test_invalid_available_capability_result_is_bounded_without_record_write[record_path]" time="0.094" /><testcase classname="tests.unit.test_literature_survey_m16_phase6" name="test_invalid_available_capability_result_is_bounded_without_record_write[record_source_type]" time="0.082" /><testcase classname="tests.unit.test_literature_survey_m16_phase6" name="test_invalid_available_capability_result_is_bounded_without_record_write[result_status_type]" time="0.083" /><testcase classname="tests.unit.test_literature_survey_m16_phase6" name="test_invalid_available_capability_result_is_bounded_without_record_write[result_code_type]" time="0.083" /><testcase classname="tests.unit.test_literature_survey_m16_phase6" name="test_invalid_available_capability_result_is_bounded_without_record_write[result_provider_type]" time="0.085" /><testcase classname="tests.unit.test_literature_survey_m16_phase6" name="test_invalid_available_capability_result_is_bounded_without_record_write[declared_digest_type]" time="0.090" /><testcase classname="tests.unit.test_literature_survey_m16_phase6" name="test_invalid_available_capability_result_is_bounded_without_record_write[byte_count_type]" time="0.085" /><testcase classname="tests.unit.test_literature_survey_m16_phase6" name="test_invalid_available_capability_result_is_bounded_without_record_write[bibliography_private_field]" time="0.085" /><testcase classname="tests.unit.test_literature_survey_m16_phase6" name="test_invalid_available_capability_result_is_bounded_without_record_write[diagnostic_type]" time="0.083" /><testcase classname="tests.unit.test_literature_survey_m16_phase6" name="test_unknown_nested_record_field_becomes_bounded_failed_outcome" time="0.086" /><testcase classname="tests.unit.test_literature_survey_m16_phase6" name="test_invalid_capability_schema_blocks_before_handler_and_outputs" time="0.066" /><testcase classname="tests.unit.test_literature_survey_m16_phase6" name="test_status_extra_field_is_rejected_even_when_pretty_canonical" time="0.084" /><testcase classname="tests.unit.test_literature_survey_m16_phase6" name="test_replay_rejects_record_provenance_rewrite_with_rehashed_authority" time="0.092" /><testcase classname="tests.unit.test_literature_survey_m16_phase6" name="test_replay_rejects_wrong_creation_generation_payload_digest[mission_contract_sha256]" time="0.090" /><testcase classname="tests.unit.test_literature_survey_m16_phase6" name="test_replay_rejects_wrong_creation_generation_payload_digest[mission_control_sha256]" time="0.086" /><testcase classname="tests.unit.test_literature_survey_m16_phase6" name="test_replay_rejects_wrong_creation_generation_payload_digest[next_action_sha256]" time="0.089" /><testcase classname="tests.unit.test_literature_survey_m16_phase6" name="test_replay_rejects_nonancestor_creation_generation" time="0.088" /><testcase classname="tests.unit.test_literature_survey_m16_phase6" name="test_replay_rejects_reordered_outcomes_with_rehashed_ledger" time="0.092" /><testcase classname="tests.unit.test_literature_survey_m16_phase6" name="test_replay_rejects_rehashed_outcome_authority_variant[provider-openalex-invalid_source_outcomes]" time="0.084" /><testcase classname="tests.unit.test_literature_survey_m16_phase6" name="test_replay_rejects_rehashed_outcome_authority_variant[final_url-https://evil.example/abs/2201.12220-source_domain_not_allowed]" time="0.090" /><testcase classname="tests.unit.test_literature_survey_m16_phase6" name="test_replay_rejects_malformed_outcome_field_types[candidate_index-False]" time="0.091" /><testcase classname="tests.unit.test_literature_survey_m16_phase6" name="test_replay_rejects_malformed_outcome_field_types[provider-None]" time="0.112" /><testcase classname="tests.unit.test_literature_survey_m16_phase6" name="test_replay_rejects_malformed_outcome_field_types[source_record_path-7]" time="0.089" /><testcase classname="tests.unit.test_literature_survey_m16_phase6" name="test_replay_rejects_malformed_outcome_field_types[source_record_sha256-not-a-digest]" time="0.092" /><testcase classname="tests.unit.test_literature_survey_m16_phase6" name="test_replay_rejects_malformed_outcome_field_types[source_record_size_bytes-True]" time="0.140" /><testcase classname="tests.unit.test_literature_survey_m16_phase6" name="test_replay_rejects_malformed_top_level_authority_types[status-outcome_ledger_path-value0-invalid_source_intake_status]" time="0.104" /><testcase classname="tests.unit.test_literature_survey_m16_phase6" name="test_replay_rejects_malformed_top_level_authority_types[status-outcome_ledger_size_bytes-True-invalid_source_intake_status]" time="0.087" /><testcase classname="tests.unit.test_literature_survey_m16_phase6" name="test_replay_rejects_malformed_top_level_authority_types[status-accepted_record_bytes-True-invalid_source_intake_status]" time="0.091" /><testcase classname="tests.unit.test_literature_survey_m16_phase6" name="test_replay_rejects_malformed_top_level_authority_types[status-counts-value3-invalid_source_intake_status]" time="0.079" /><testcase classname="tests.unit.test_literature_survey_m16_phase6" name="test_replay_rejects_malformed_top_level_authority_types[status-counts-value4-invalid_source_intake_status]" time="0.100" /><testcase classname="tests.unit.test_literature_survey_m16_phase6" name="test_replay_rejects_malformed_top_level_authority_types[ledger-accepted_record_bytes-True-invalid_source_outcome_schema]" time="0.083" /><testcase classname="tests.unit.test_literature_survey_m16_phase6" name="test_replay_rejects_malformed_top_level_authority_types[ledger-counts-value6-invalid_source_outcome_schema]" time="0.093" /><testcase classname="tests.unit.test_literature_survey_m16_phase6" name="test_replay_rejects_malformed_top_level_authority_types[ledger-counts-value7-invalid_source_outcome_schema]" time="0.108" /><testcase classname="tests.unit.test_literature_survey_m16_phase6" name="test_replay_keeps_cumulative_exhaustion_dominant_over_unsupported_identifier" time="0.121" /><testcase classname="tests.unit.test_literature_survey_m16_phase6" name="test_replay_rejects_duplicate_semantics_changed_from_available_record" time="0.116" /><testcase classname="tests.unit.test_literature_survey_m16_phase6" name="test_metadata_ledger_symlink_is_rejected_on_replay" time="0.079" /><testcase classname="tests.unit.test_literature_survey_m16_phase6" name="test_replay_rejects_malformed_generation_metadata_authority[metadata_root-value0]" time="0.081" /><testcase classname="tests.unit.test_literature_survey_m16_phase6" name="test_replay_rejects_malformed_generation_metadata_authority[candidate_ledger_sha256-not-a-digest]" time="0.082" /><testcase classname="tests.unit.test_literature_survey_m16_phase6" name="test_replay_rejects_malformed_generation_metadata_authority[candidate_ledger_size_bytes-True]" time="0.089" /><testcase classname="tests.unit.test_literature_survey_m16_phase6" name="test_replay_rejects_malformed_generation_metadata_authority[candidate_count-True]" time="0.090" /><testcase classname="tests.unit.test_literature_survey_m16_phase6" name="test_replay_rejects_malformed_generation_metadata_authority[normalized_seed_keys-value4]" time="0.078" /><testcase classname="tests.unit.test_literature_survey_m16_phase6" name="test_status_residue_shape_is_rejected[malformed]" time="0.078" /><testcase classname="tests.unit.test_literature_survey_m16_phase6" name="test_status_residue_shape_is_rejected[noncanonical]" time="0.123" /><testcase classname="tests.unit.test_literature_survey_m16_phase6" name="test_status_residue_shape_is_rejected[symlink]" time="0.083" /><testcase classname="tests.unit.test_literature_survey_m16_phase6" name="test_status_residue_shape_is_rejected[nonregular]" time="0.076" /><testcase classname="tests.unit.test_literature_survey_m16_phase6" name="test_preexisting_symlink_output_root_blocks_before_capability_call[source_intake]" time="0.065" /><testcase classname="tests.unit.test_literature_survey_m16_phase6" name="test_preexisting_symlink_output_root_blocks_before_capability_call[records]" time="0.067" /><testcase classname="tests.unit.test_literature_survey_m16_phase6" name="test_unexpected_intake_child_is_rejected_on_replay" time="0.104" /><testcase classname="tests.unit.test_literature_survey_m16_phase6" name="test_safe_local_zero_available_stays_at_source_intake_terminal" time="0.309" /><testcase classname="tests.unit.test_literature_survey_m16_phase6" name="test_confirmed_safe_local_without_capability_is_exact_terminal_and_no_write" time="0.222" /><testcase classname="tests.unit.test_literature_survey_m16_phase7" name="test_seed_parser_closes_identifier_and_title_forms[arxiv:2201.12220v3-arxiv_id-arxiv:2201.12220v3]" time="0.000" /><testcase classname="tests.unit.test_literature_survey_m16_phase7" name="test_seed_parser_closes_identifier_and_title_forms[https://arxiv.org/pdf/2201.12220v3.pdf-arxiv_id-arxiv:2201.12220v3]" time="0.000" /><testcase classname="tests.unit.test_literature_survey_m16_phase7" name="test_seed_parser_closes_identifier_and_title_forms[doi:10.1000/ABC-doi-doi:10.1000/abc]" time="0.000" /><testcase classname="tests.unit.test_literature_survey_m16_phase7" name="test_seed_parser_closes_identifier_and_title_forms[https://doi.org/10.1000/ABC-doi-doi:10.1000/abc]" time="0.000" /><testcase classname="tests.unit.test_literature_survey_m16_phase7" name="test_seed_parser_closes_identifier_and_title_forms[openalex:W123-openalex_id-openalex:w123]" time="0.000" /><testcase classname="tests.unit.test_literature_survey_m16_phase7" name="test_seed_parser_closes_identifier_and_title_forms[https://openalex.org/W123-openalex_id-openalex:w123]" time="0.000" /><testcase classname="tests.unit.test_literature_survey_m16_phase7" name="test_seed_parser_closes_identifier_and_title_forms[Neural Optimal Transport-title-neural optimal transport]" time="0.000" /><testcase classname="tests.unit.test_literature_survey_m16_phase7" name="test_exact_arxiv_version_seed_resolves_against_family_alias" time="0.000" /><testcase classname="tests.unit.test_literature_survey_m16_phase7" name="test_exact_mission_seed_identifier_wins_component_display[arxiv:2201.12220v3-arxiv:2201.12220v3]" time="0.000" /><testcase classname="tests.unit.test_literature_survey_m16_phase7" name="test_exact_mission_seed_identifier_wins_component_display[doi:10.1000/neural-ot-doi:10.1000/neural-ot]" time="0.000" /><testcase classname="tests.unit.test_literature_survey_m16_phase7" name="test_exact_mission_seed_identifier_wins_component_display[openalex:W123-openalex:w123]" time="0.000" /><testcase classname="tests.unit.test_literature_survey_m16_phase7" name="test_identifier_conflict_blocks_global_seed_gate_and_intake_candidates" time="0.000" /><testcase classname="tests.unit.test_literature_survey_m16_phase7" name="test_title_seed_choices_are_scoped_to_its_query_provenance" time="0.000" /><testcase classname="tests.unit.test_literature_survey_m16_phase7" name="test_two_exact_title_choices_are_ambiguous_and_block_every_candidate" time="0.000" /><testcase classname="tests.unit.test_literature_survey_m16_phase7" name="test_high_margin_title_requires_three_seed_tokens" time="0.000" /><testcase classname="tests.unit.test_literature_survey_m16_phase7" name="test_multi_seed_gate_forbids_partial_intake" time="0.000" /><testcase classname="tests.unit.test_literature_survey_m16_phase7" name="test_record_schema_rejects_malformed_scalar_types[citation_count-True]" time="0.000" /><testcase classname="tests.unit.test_literature_survey_m16_phase7" name="test_record_schema_rejects_malformed_scalar_types[citation_count--1]" time="0.000" /><testcase classname="tests.unit.test_literature_survey_m16_phase7" name="test_record_schema_rejects_malformed_scalar_types[citation_count-1.5]" time="0.000" /><testcase classname="tests.unit.test_literature_survey_m16_phase7" name="test_record_schema_rejects_malformed_scalar_types[year-False]" time="0.000" /><testcase classname="tests.unit.test_literature_survey_m16_phase7" name="test_record_schema_rejects_malformed_scalar_types[year-999]" time="0.000" /><testcase classname="tests.unit.test_literature_survey_m16_phase7" name="test_record_schema_rejects_malformed_scalar_types[title----]" time="0.000" /><testcase classname="tests.unit.test_literature_survey_m16_phase7" name="test_unknown_private_or_path_field_is_rejected" time="0.000" /><testcase classname="tests.unit.test_literature_survey_m16_phase7" name="test_compatible_arxiv_doi_openalex_rows_merge_independent_of_order" time="0.001" /><testcase classname="tests.unit.test_literature_survey_m16_phase7" name="test_mixed_arxiv_doi_component_allows_distant_publication_year" time="0.000" /><testcase classname="tests.unit.test_literature_survey_m16_phase7" name="test_non_family_distant_year_component_is_visible_conflict_without_paper_id" time="0.000" /><testcase classname="tests.unit.test_literature_survey_m16_phase7" name="test_strong_alias_title_conflict_has_no_paper_id" time="0.000" /><testcase classname="tests.unit.test_literature_survey_m16_phase7" name="test_title_only_possible_duplicates_have_distinct_stable_ids" time="0.000" /><testcase classname="tests.unit.test_literature_survey_m16_phase7" name="test_exact_source_duplicate_collapses_and_retains_duplicate_evidence" time="0.000" /><testcase classname="tests.unit.test_literature_survey_m16_phase7" name="test_multi_provider_duplicate_has_one_visible_input_row_disposition" time="0.000" /><testcase classname="tests.unit.test_literature_survey_m16_phase7" name="test_record_provider_list_must_equal_provider_record_coverage" time="0.000" /><testcase classname="tests.unit.test_literature_survey_m16_phase7" name="test_provider_record_routes_must_equal_query_provenance" time="0.000" /><testcase classname="tests.unit.test_literature_survey_m16_phase7" name="test_duplicate_routing_merges_working_roles_without_mutating_input_evidence" time="0.000" /><testcase classname="tests.unit.test_literature_survey_m16_phase7" name="test_same_source_identity_with_changed_metadata_fails_closed" time="0.000" /><testcase classname="tests.unit.test_literature_survey_m16_phase7" name="test_stable_identity_ignores_order_and_citation_count" time="0.001" /><testcase classname="tests.unit.test_literature_survey_m16_phase7" name="test_relevance_beats_high_citation_noise_and_keeps_exclusion_visible" time="0.000" /><testcase classname="tests.unit.test_literature_survey_m16_phase7" name="test_direct_role_requires_one_token_and_navigation_role_requires_two" time="0.001" /><testcase classname="tests.unit.test_literature_survey_m16_phase7" name="test_cap_applies_after_relevance_and_keeps_rows_visible" time="0.000" /><testcase classname="tests.unit.test_literature_survey_m16_phase7" name="test_citation_tiebreak_is_confined_to_equal_relevance_stratum" time="0.000" /><testcase classname="tests.unit.test_literature_survey_m16_phase7" name="test_seed_count_above_metadata_cap_fails_before_record_processing" time="0.000" /><testcase classname="tests.unit.test_literature_survey_m16_phase7" name="test_boolean_metadata_cap_blocks_before_provider_collection" time="0.001" /><testcase classname="tests.unit.test_literature_survey_m16_phase7" name="test_invalid_explicit_provider_list_blocks_before_collection[providers0-missing_public_metadata_provider]" time="0.004" /><testcase classname="tests.unit.test_literature_survey_m16_phase7" name="test_invalid_explicit_provider_list_blocks_before_collection[providers1-invalid_public_metadata_provider]" time="0.002" /><testcase classname="tests.unit.test_literature_survey_m16_phase7" name="test_invalid_explicit_provider_list_blocks_before_collection[providers2-invalid_public_metadata_provider]" time="0.001" /><testcase classname="tests.unit.test_literature_survey_m16_phase7" name="test_v2_builder_commits_reuses_and_rejects_tamper" time="0.106" /><testcase classname="tests.unit.test_literature_survey_m16_phase7" name="test_v2_builder_rejects_symlinked_root_before_provider_call" time="0.002" /><testcase classname="tests.unit.test_literature_survey_m16_phase7" name="test_provider_exception_and_malformed_rows_become_closed_unavailable_status" time="0.000" /><testcase classname="tests.unit.test_literature_survey_m16_phase7" name="test_v2_reuse_rejects_provider_count_tamper" time="0.096" /><testcase classname="tests.unit.test_literature_survey_m16_phase7" name="test_v2_authority_binds_all_artifacts_through_intake_replay" time="0.177" /><testcase classname="tests.unit.test_literature_survey_m16_phase7" name="test_v2_authority_accepts_roleless_relevance_inclusion" time="0.107" /><testcase classname="tests.unit.test_literature_survey_m16_phase7" name="test_blocked_v2_seed_gate_performs_zero_intake_calls" time="0.156" /><testcase classname="tests.unit.test_literature_survey_m16_phase7" name="test_v2_discriminator_forbids_candidate_schema_downgrade" time="0.110" /><testcase classname="tests.unit.test_literature_survey_m16_phase7" name="test_orchestrator_rejects_manifestless_v2_residue" time="0.380" /><testcase classname="tests.unit.test_literature_survey_m16_phase7" name="test_ordinary_orchestrator_semantically_replays_committed_v2" time="0.193" /><testcase classname="tests.unit.test_literature_survey_m16_phase7" name="test_ordinary_orchestrator_candidate_schema_forbids_v2_downgrade" time="0.188" /><testcase classname="tests.unit.test_literature_survey_m16_phase7" name="test_ordinary_orchestrator_bounds_invalid_utf8_v2_manifest" time="0.166" /><testcase classname="tests.unit.test_literature_survey_m16_phase7" name="test_orchestrator_blocks_unresolved_v2_before_capability_call" time="0.686" /><testcase classname="tests.unit.test_literature_survey_m16_phase7" name="test_title_seed_v2_runs_intake_anchors_packet_and_replays" time="1.504" /><testcase classname="tests.unit.test_literature_survey_m16_phase8" name="test_exact_projection_attempt_universe_and_recorded_roles" time="0.003" /><testcase classname="tests.unit.test_literature_survey_m16_phase8" name="test_missing_exact_relations_are_not_observed_not_empty" time="0.002" /><testcase classname="tests.unit.test_literature_survey_m16_phase8" name="test_unresolved_reference_is_target_bearing_quarantine_not_attempt_risk" time="0.002" /><testcase classname="tests.unit.test_literature_survey_m16_phase8" name="test_inherited_risks_are_preserved_once_and_reconciled" time="0.002" /><testcase classname="tests.unit.test_literature_survey_m16_phase8" name="test_permutation_does_not_change_semantic_payloads" time="0.011" /><testcase classname="tests.unit.test_literature_survey_m16_phase8" name="test_recursive_included_origin_is_crossed_with_both_directions" time="0.003" /><testcase classname="tests.unit.test_literature_survey_m16_phase8" name="test_asymmetric_depth_retains_included_origin_for_other_direction[backward-forward-direct_method]" time="0.002" /><testcase classname="tests.unit.test_literature_survey_m16_phase8" name="test_asymmetric_depth_retains_included_origin_for_other_direction[forward-backward-major_citing_work]" time="0.002" /><testcase classname="tests.unit.test_literature_survey_m16_phase8" name="test_production_depth_and_cap_exclusions_remain_visible_with_risks" time="0.003" /><testcase classname="tests.unit.test_literature_survey_m16_phase8" name="test_duplicate_relation_routes_union_without_unrelated_route" time="0.002" /><testcase classname="tests.unit.test_literature_survey_m16_phase8" name="test_traversal_policy_overflow_fails_closed[1000001]" time="0.002" /><testcase classname="tests.unit.test_literature_survey_m16_phase8" name="test_traversal_policy_overflow_fails_closed[9223372036854775808]" time="0.002" /><testcase classname="tests.unit.test_literature_survey_m16_phase8" name="test_attempt_status_cardinality_and_mechanism_matrix[observed_results-children0-None-recorded_reference_projection-None-None-carrier0-True]" time="0.000" /><testcase classname="tests.unit.test_literature_survey_m16_phase8" name="test_attempt_status_cardinality_and_mechanism_matrix[not_observed-children1-or-2222222222222222222222222222222222222222222222222222222222222222-recorded_reference_projection-None-None-carrier1-True]" time="0.000" /><testcase classname="tests.unit.test_literature_survey_m16_phase8" name="test_attempt_status_cardinality_and_mechanism_matrix[empty_observed-children2-or-3333333333333333333333333333333333333333333333333333333333333333-recorded_reference_projection-None-None-carrier2-False]" time="0.000" /><testcase classname="tests.unit.test_literature_survey_m16_phase8" name="test_attempt_status_cardinality_and_mechanism_matrix[provider_unavailable-children3-or-4444444444444444444444444444444444444444444444444444444444444444-recorded_reverse_reference_projection-None-None-carrier3-False]" time="0.000" /><testcase classname="tests.unit.test_literature_survey_m16_phase8" name="test_attempt_status_cardinality_and_mechanism_matrix[empty_observed-children4-or-5555555555555555555555555555555555555555555555555555555555555555-recorded_query_observation-backward_reference_observation-matched4-carrier4-True]" time="0.000" /><testcase classname="tests.unit.test_literature_survey_m16_phase8" name="test_attempt_status_cardinality_and_mechanism_matrix[provider_unavailable-children5-or-6666666666666666666666666666666666666666666666666666666666666666-recorded_query_observation-forward_citation_observation-matched5-carrier5-True]" time="0.000" /><testcase classname="tests.unit.test_literature_survey_m16_phase8" name="test_attempt_status_cardinality_and_mechanism_matrix[malformed_blocked-children6-or-7777777777777777777777777777777777777777777777777777777777777777-recorded_query_observation-forward_citation_observation-matched6-carrier6-True]" time="0.000" /><testcase classname="tests.unit.test_literature_survey_m16_phase8" name="test_observation_status_disposition_matrix[capped-blocked_source_or_frontier-False]" time="0.000" /><testcase classname="tests.unit.test_literature_survey_m16_phase8" name="test_observation_status_disposition_matrix[capped-include-False]" time="0.000" /><testcase classname="tests.unit.test_literature_survey_m16_phase8" name="test_observation_status_disposition_matrix[capped-inspect_next-True]" time="0.000" /><testcase classname="tests.unit.test_literature_survey_m16_phase8" name="test_observation_status_disposition_matrix[capped-omit_with_reason-False]" time="0.000" /><testcase classname="tests.unit.test_literature_survey_m16_phase8" name="test_observation_status_disposition_matrix[capped-quarantine-False]" time="0.000" /><testcase classname="tests.unit.test_literature_survey_m16_phase8" name="test_observation_status_disposition_matrix[depth_excluded-blocked_source_or_frontier-False]" time="0.000" /><testcase classname="tests.unit.test_literature_survey_m16_phase8" name="test_observation_status_disposition_matrix[depth_excluded-include-False]" time="0.000" /><testcase classname="tests.unit.test_literature_survey_m16_phase8" name="test_observation_status_disposition_matrix[depth_excluded-inspect_next-True]" time="0.000" /><testcase classname="tests.unit.test_literature_survey_m16_phase8" name="test_observation_status_disposition_matrix[depth_excluded-omit_with_reason-False]" time="0.000" /><testcase classname="tests.unit.test_literature_survey_m16_phase8" name="test_observation_status_disposition_matrix[depth_excluded-quarantine-False]" time="0.000" /><testcase classname="tests.unit.test_literature_survey_m16_phase8" name="test_observation_status_disposition_matrix[identity_conflict-blocked_source_or_frontier-False]" time="0.000" /><testcase classname="tests.unit.test_literature_survey_m16_phase8" name="test_observation_status_disposition_matrix[identity_conflict-include-False]" time="0.000" /><testcase classname="tests.unit.test_literature_survey_m16_phase8" name="test_observation_status_disposition_matrix[identity_conflict-inspect_next-False]" time="0.000" /><testcase classname="tests.unit.test_literature_survey_m16_phase8" name="test_observation_status_disposition_matrix[identity_conflict-omit_with_reason-False]" time="0.000" /><testcase classname="tests.unit.test_literature_survey_m16_phase8" name="test_observation_status_disposition_matrix[identity_conflict-quarantine-True]" time="0.000" /><testcase classname="tests.unit.test_literature_survey_m16_phase8" name="test_observation_status_disposition_matrix[observed-blocked_source_or_frontier-False]" time="0.000" /><testcase classname="tests.unit.test_literature_survey_m16_phase8" name="test_observation_status_disposition_matrix[observed-include-True]" time="0.000" /><testcase classname="tests.unit.test_literature_survey_m16_phase8" name="test_observation_status_dispos
[...]
on:after_write]" time="0.030" /><testcase classname="tests.unit.test_literature_survey_m16_phase9" name="test_v3_immutable_authority_crash_events_never_select_partial_bytes[claim_decision-decision_set_manifest.json:after_fsync]" time="0.034" /><testcase classname="tests.unit.test_literature_survey_m16_phase9" name="test_v3_immutable_authority_crash_events_never_select_partial_bytes[claim_decision-after_staging_fsync]" time="0.041" /><testcase classname="tests.unit.test_literature_survey_m16_phase9" name="test_v3_immutable_authority_crash_events_never_select_partial_bytes[claim_decision-after_final_rename]" time="0.023" /><testcase classname="tests.unit.test_literature_survey_m16_phase9" name="test_v3_immutable_authority_crash_events_never_select_partial_bytes[claim_decision-after_sets_fsync]" time="0.022" /><testcase classname="tests.unit.test_literature_survey_m16_phase9" name="test_v3_immutable_authority_crash_events_never_select_partial_bytes[claim_decision-current:after_temp_write]" time="0.086" /><testcase classname="tests.unit.test_literature_survey_m16_phase9" name="test_v3_immutable_authority_crash_events_never_select_partial_bytes[claim_decision-current:after_temp_fsync]" time="0.129" /><testcase classname="tests.unit.test_literature_survey_m16_phase9" name="test_v3_immutable_authority_crash_events_never_select_partial_bytes[claim_decision-current:after_replace]" time="0.082" /><testcase classname="tests.unit.test_literature_survey_m16_phase9" name="test_v3_immutable_authority_crash_events_never_select_partial_bytes[claim_decision-current:after_directory_fsync]" time="0.082" /><testcase classname="tests.unit.test_literature_survey_m16_phase9" name="test_v3_authority_selector_and_chain_attack_matrix_fails_closed[malformed_pointer-invalid_json-source_observation]" time="0.032" /><testcase classname="tests.unit.test_literature_survey_m16_phase9" name="test_v3_authority_selector_and_chain_attack_matrix_fails_closed[malformed_pointer-invalid_json-source_decision]" time="0.033" /><testcase classname="tests.unit.test_literature_survey_m16_phase9" name="test_v3_authority_selector_and_chain_attack_matrix_fails_closed[malformed_pointer-invalid_json-claim_decision]" time="0.024" /><testcase classname="tests.unit.test_literature_survey_m16_phase9" name="test_v3_authority_selector_and_chain_attack_matrix_fails_closed[foreign_pointer-unsafe_authority_directory-source_observation]" time="0.021" /><testcase classname="tests.unit.test_literature_survey_m16_phase9" name="test_v3_authority_selector_and_chain_attack_matrix_fails_closed[foreign_pointer-unsafe_authority_directory-source_decision]" time="0.022" /><testcase classname="tests.unit.test_literature_survey_m16_phase9" name="test_v3_authority_selector_and_chain_attack_matrix_fails_closed[foreign_pointer-unsafe_authority_directory-claim_decision]" time="0.021" /><testcase classname="tests.unit.test_literature_survey_m16_phase9" name="test_v3_authority_selector_and_chain_attack_matrix_fails_closed[symlink_pointer-None-source_observation]" time="0.021" /><testcase classname="tests.unit.test_literature_survey_m16_phase9" name="test_v3_authority_selector_and_chain_attack_matrix_fails_closed[symlink_pointer-None-source_decision]" time="0.025" /><testcase classname="tests.unit.test_literature_survey_m16_phase9" name="test_v3_authority_selector_and_chain_attack_matrix_fails_closed[symlink_pointer-None-claim_decision]" time="0.023" /><testcase classname="tests.unit.test_literature_survey_m16_phase9" name="test_v3_authority_selector_and_chain_attack_matrix_fails_closed[symlink_set-None-source_observation]" time="0.019" /><testcase classname="tests.unit.test_literature_survey_m16_phase9" name="test_v3_authority_selector_and_chain_attack_matrix_fails_closed[symlink_set-None-source_decision]" time="0.024" /><testcase classname="tests.unit.test_literature_survey_m16_phase9" name="test_v3_authority_selector_and_chain_attack_matrix_fails_closed[symlink_set-None-claim_decision]" time="0.024" /><testcase classname="tests.unit.test_literature_survey_m16_phase9" name="test_v3_authority_selector_and_chain_attack_matrix_fails_closed[symlink_artifact-None-source_observation]" time="0.021" /><testcase classname="tests.unit.test_literature_survey_m16_phase9" name="test_v3_authority_selector_and_chain_attack_matrix_fails_closed[symlink_artifact-None-source_decision]" time="0.023" /><testcase classname="tests.unit.test_literature_survey_m16_phase9" name="test_v3_authority_selector_and_chain_attack_matrix_fails_closed[symlink_artifact-None-claim_decision]" time="0.026" /><testcase classname="tests.unit.test_literature_survey_m16_phase9" name="test_v3_authority_selector_and_chain_attack_matrix_fails_closed[unexpected_root_child-None-source_observation]" time="0.020" /><testcase classname="tests.unit.test_literature_survey_m16_phase9" name="test_v3_authority_selector_and_chain_attack_matrix_fails_closed[unexpected_root_child-None-source_decision]" time="0.023" /><testcase classname="tests.unit.test_literature_survey_m16_phase9" name="test_v3_authority_selector_and_chain_attack_matrix_fails_closed[unexpected_root_child-None-claim_decision]" time="0.025" /><testcase classname="tests.unit.test_literature_survey_m16_phase9" name="test_v3_authority_selector_and_chain_attack_matrix_fails_closed[unexpected_set_child-None-source_observation]" time="0.021" /><testcase classname="tests.unit.test_literature_survey_m16_phase9" name="test_v3_authority_selector_and_chain_attack_matrix_fails_closed[unexpected_set_child-None-source_decision]" time="0.024" /><testcase classname="tests.unit.test_literature_survey_m16_phase9" name="test_v3_authority_selector_and_chain_attack_matrix_fails_closed[unexpected_set_child-None-claim_decision]" time="0.024" /><testcase classname="tests.unit.test_literature_survey_m16_phase9" name="test_v3_authority_selector_and_chain_attack_matrix_fails_closed[partial_set-None-source_observation]" time="0.023" /><testcase classname="tests.unit.test_literature_survey_m16_phase9" name="test_v3_authority_selector_and_chain_attack_matrix_fails_closed[partial_set-None-source_decision]" time="0.022" /><testcase classname="tests.unit.test_literature_survey_m16_phase9" name="test_v3_authority_selector_and_chain_attack_matrix_fails_closed[partial_set-None-claim_decision]" time="0.025" /><testcase classname="tests.unit.test_literature_survey_m16_phase9" name="test_v3_authority_selector_and_chain_attack_matrix_fails_closed[artifact_conflict-None-source_observation]" time="0.021" /><testcase classname="tests.unit.test_literature_survey_m16_phase9" name="test_v3_authority_selector_and_chain_attack_matrix_fails_closed[artifact_conflict-None-source_decision]" time="0.023" /><testcase classname="tests.unit.test_literature_survey_m16_phase9" name="test_v3_authority_selector_and_chain_attack_matrix_fails_closed[artifact_conflict-None-claim_decision]" time="0.023" /><testcase classname="tests.unit.test_literature_survey_m16_phase9" name="test_v3_authority_selector_and_chain_attack_matrix_fails_closed[rollback-None-source_observation]" time="0.041" /><testcase classname="tests.unit.test_literature_survey_m16_phase9" name="test_v3_authority_selector_and_chain_attack_matrix_fails_closed[rollback-None-source_decision]" time="0.057" /><testcase classname="tests.unit.test_literature_survey_m16_phase9" name="test_v3_authority_selector_and_chain_attack_matrix_fails_closed[rollback-None-claim_decision]" time="0.045" /><testcase classname="tests.unit.test_literature_survey_m16_phase9" name="test_v3_authority_selector_and_chain_attack_matrix_fails_closed[fork-None-source_observation]" time="0.024" /><testcase classname="tests.unit.test_literature_survey_m16_phase9" name="test_v3_authority_selector_and_chain_attack_matrix_fails_closed[fork-None-source_decision]" time="0.023" /><testcase classname="tests.unit.test_literature_survey_m16_phase9" name="test_v3_authority_selector_and_chain_attack_matrix_fails_closed[fork-None-claim_decision]" time="0.024" /><testcase classname="tests.unit.test_literature_survey_m16_phase9" name="test_v3_authority_selector_and_chain_attack_matrix_fails_closed[disconnected_root-None-source_observation]" time="0.020" /><testcase classname="tests.unit.test_literature_survey_m16_phase9" name="test_v3_authority_selector_and_chain_attack_matrix_fails_closed[disconnected_root-None-source_decision]" time="0.028" /><testcase classname="tests.unit.test_literature_survey_m16_phase9" name="test_v3_authority_selector_and_chain_attack_matrix_fails_closed[disconnected_root-None-claim_decision]" time="0.026" /><testcase classname="tests.unit.test_literature_survey_m16_phase9" name="test_v3_authority_selector_and_chain_attack_matrix_fails_closed[partial_predecessor-None-source_observation]" time="0.021" /><testcase classname="tests.unit.test_literature_survey_m16_phase9" name="test_v3_authority_selector_and_chain_attack_matrix_fails_closed[partial_predecessor-None-source_decision]" time="0.026" /><testcase classname="tests.unit.test_literature_survey_m16_phase9" name="test_v3_authority_selector_and_chain_attack_matrix_fails_closed[partial_predecessor-None-claim_decision]" time="0.027" /><testcase classname="tests.unit.test_literature_survey_m17" name="test_topic_input_is_explicit_and_v2_fingerprint_vector_is_unchanged" time="0.001" /><testcase classname="tests.unit.test_literature_survey_m17" name="test_topic_genesis_contract_and_manifest_use_exact_sibling_schemas" time="0.076" /><testcase classname="tests.unit.test_literature_survey_m17" name="test_cross_family_resume_is_rejected_before_repair" time="0.072" /><testcase classname="tests.unit.test_literature_survey_m17" name="test_closed_nonselected_outcomes_remain_non_authoritative[empty-updates0]" time="0.000" /><testcase classname="tests.unit.test_literature_survey_m17" name="test_closed_nonselected_outcomes_remain_non_authoritative[unavailable-updates1]" time="0.000" /><testcase classname="tests.unit.test_literature_survey_m17" name="test_closed_nonselected_outcomes_remain_non_authoritative[capped-updates2]" time="0.000" /><testcase classname="tests.unit.test_literature_survey_m17" name="test_closed_nonselected_outcomes_remain_non_authoritative[ambiguous-updates3]" time="0.000" /><testcase classname="tests.unit.test_literature_survey_m17" name="test_selected_attempt_is_hash_bound_and_replayed_without_second_call" time="0.233" /><testcase classname="tests.unit.test_literature_survey_m17" name="test_call_started_crash_is_indeterminate_and_never_retried" time="0.172" /><testcase classname="tests.unit.test_literature_survey_m17" name="test_prepared_before_pointer_exposes_no_authority_then_selects_without_call" time="0.217" /><testcase classname="tests.unit.test_literature_survey_m17" name="test_selected_outcome_rejects_unsorted_or_duplicate_effective_keys" time="0.000" /><testcase classname="tests.unit.test_literature_survey_m17" name="test_topic_contract_canonical_bytes_exclude_selected_candidates_from_identity" time="0.002" /><testcase classname="tests.unit.test_literature_survey_m17" name="test_cli_omitted_seed_unconfirmed_then_unavailable_without_provider_call" time="0.372" /><testcase classname="tests.unit.test_literature_survey_m17" name="test_cli_explicit_empty_seed_is_not_topic_mode" time="0.091" /><testcase classname="tests.unit.test_literature_survey_m17" name="test_topic_public_result_has_exact_v3_keys_and_selected_authority" time="0.273" /><testcase classname="tests.unit.test_literature_survey_m17" name="test_selected_effective_seeds_build_only_through_replayed_authority" time="0.260" /><testcase classname="tests.unit.test_literature_survey_m17" name="test_bootstrap_bound_skeleton_tamper_blocks_reuse" time="0.263" /><testcase classname="tests.unit.test_literature_survey_m17" name="test_history_only_call_started_crash_reconciles_to_indeterminate" time="0.176" /><testcase classname="tests.unit.test_literature_survey_m17" name="test_crash_after_capability_return_is_indeterminate_without_retry" time="0.171" /><testcase classname="tests.unit.test_literature_survey_m17" name="test_result_recorded_history_lag_recovers_without_second_call" time="0.234" /><testcase classname="tests.unit.test_literature_survey_m17" name="test_pointer_selected_history_lag_reconciles_without_second_call" time="0.223" /><testcase classname="tests.unit.test_literature_survey_m17" name="test_corrupt_selected_bootstrap_evidence_fails_closed[pointer]" time="0.229" /><testcase classname="tests.unit.test_literature_survey_m17" name="test_corrupt_selected_bootstrap_evidence_fails_closed[manifest]" time="0.229" /><testcase classname="tests.unit.test_literature_survey_m17" name="test_corrupt_selected_bootstrap_evidence_fails_closed[history]" time="0.214" /><testcase classname="tests.unit.test_literature_survey_m17" name="test_foreign_or_nonregular_bootstrap_residue_fails_closed" time="0.138" /><testcase classname="tests.unit.test_literature_survey_m17" name="test_crash_after_result_file_fsync_is_indeterminate_without_retry" time="0.182" /><testcase classname="tests.unit.test_literature_survey_m17" name="test_valid_journal_projection_is_rejected_when_foreign_to_active_contract" time="0.218" /><testcase classname="tests.unit.test_literature_survey_m17" name="test_complete_bootstrap_crash_matrix[bootstrap:before_intent-not_started-0-True]" time="0.230" /><testcase classname="tests.unit.test_literature_survey_m17" name="test_complete_bootstrap_crash_matrix[bootstrap_intent:after_history_fsync-intent-0-True]" time="0.240" /><testcase classname="tests.unit.test_literature_survey_m17" name="test_complete_bootstrap_crash_matrix[bootstrap_intent:after_directory_fsync-intent-0-True]" time="0.238" /><testcase classname="tests.unit.test_literature_survey_m17" name="test_complete_bootstrap_crash_matrix[bootstrap:after_intent-intent-0-True]" time="0.224" /><testcase classname="tests.unit.test_literature_survey_m17" name="test_complete_bootstrap_crash_matrix[bootstrap:before_call_started-intent-0-True]" time="0.566" /><testcase classname="tests.unit.test_literature_survey_m17" name="test_complete_bootstrap_crash_matrix[bootstrap_call_started:after_history_fsync-call_started_indeterminate-0-False]" time="0.180" /><testcase classname="tests.unit.test_literature_survey_m17" name="test_complete_bootstrap_crash_matrix[bootstrap_call_started:after_directory_fsync-call_started_indeterminate-0-False]" time="0.177" /><testcase classname="tests.unit.test_literature_survey_m17" name="test_complete_bootstrap_crash_matrix[bootstrap:after_call_started-call_started_indeterminate-0-False]" time="0.175" /><testcase classname="tests.unit.test_literature_survey_m17" name="test_complete_bootstrap_crash_matrix[bootstrap:after_capability_return-call_started_indeterminate-1-False]" time="0.170" /><testcase classname="tests.unit.test_literature_survey_m17" name="test_complete_bootstrap_crash_matrix[bootstrap_result:after_temp_write-call_started_indeterminate-1-False]" time="0.185" /><testcase classname="tests.unit.test_literature_survey_m17" name="test_complete_bootstrap_crash_matrix[bootstrap_result:after_temp_fsync-call_started_indeterminate-1-False]" time="0.188" /><testcase classname="tests.unit.test_literature_survey_m17" name="test_complete_bootstrap_crash_matrix[bootstrap_result:after_replace-call_started_indeterminate-1-False]" time="0.198" /><testcase classname="tests.unit.test_literature_survey_m17" name="test_complete_bootstrap_crash_matrix[bootstrap_result:after_directory_fsync-call_started_indeterminate-1-False]" time="0.172" /><testcase classname="tests.unit.test_literature_survey_m17" name="test_complete_bootstrap_crash_matrix[bootstrap_result_recorded:after_history_fsync-result_recorded-1-True]" time="0.242" /><testcase classname="tests.unit.test_literature_survey_m17" name="test_complete_bootstrap_crash_matrix[bootstrap_result_recorded:after_directory_fsync-result_recorded-1-True]" time="0.238" /><testcase classname="tests.unit.test_literature_survey_m17" name="test_complete_bootstrap_crash_matrix[bootstrap:after_result_recorded-result_recorded-1-True]" time="0.219" /><testcase classname="tests.unit.test_literature_survey_m17" name="test_complete_bootstrap_crash_matrix[bootstrap_set:outcome.json:before_write-result_recorded-1-True]" time="0.225" /><testcase classname="tests.unit.test_literature_survey_m17" name="test_complete_bootstrap_crash_matrix[bootstrap_set:outcome.json:after_write-result_recorded-1-True]" time="0.217" /><testcase classname="tests.unit.test_literature_survey_m17" name="test_complete_bootstrap_crash_matrix[bootstrap_set:outcome.json:after_fsync-result_recorded-1-True]" time="0.221" /><testcase classname="tests.unit.test_literature_survey_m17" name="test_complete_bootstrap_crash_matrix[bootstrap_set:manifest.json:before_write-result_recorded-1-True]" time="0.224" /><testcase classname="tests.unit.test_literature_survey_m17" name="test_complete_bootstrap_crash_matrix[bootstrap_set:manifest.json:after_write-result_recorded-1-True]" time="0.225" /><testcase classname="tests.unit.test_literature_survey_m17" name="test_complete_bootstrap_crash_matrix[bootstrap_set:manifest.json:after_fsync-result_recorded-1-True]" time="0.222" /><testcase classname="tests.unit.test_literature_survey_m17" name="test_complete_bootstrap_crash_matrix[bootstrap_set:before_staging_fsync-result_recorded-1-True]" time="0.224" /><testcase classname="tests.unit.test_literature_survey_m17" name="test_complete_bootstrap_crash_matrix[bootstrap_set:after_staging_fsync-result_recorded-1-True]" time="0.491" /><testcase classname="tests.unit.test_literature_survey_m17" name="test_complete_bootstrap_crash_matrix[bootstrap_set:before_final_rename-result_recorded-1-True]" time="0.273" /><testcase classname="tests.unit.test_literature_survey_m17" name="test_complete_bootstrap_crash_matrix[bootstrap_set:after_final_rename-result_recorded-1-True]" time="0.230" /><testcase classname="tests.unit.test_literature_survey_m17" name="test_complete_bootstrap_crash_matrix[bootstrap_set:after_parent_fsync-result_recorded-1-True]" time="0.232" /><testcase classname="tests.unit.test_literature_survey_m17" name="test_complete_bootstrap_crash_matrix[bootstrap_prepared:after_history_fsync-prepared-1-True]" time="0.221" /><testcase classname="tests.unit.test_literature_survey_m17" name="test_complete_bootstrap_crash_matrix[bootstrap_prepared:after_directory_fsync-prepared-1-True]" time="0.241" /><testcase classname="tests.unit.test_literature_survey_m17" name="test_complete_bootstrap_crash_matrix[bootstrap:after_prepared-prepared-1-True]" time="0.233" /><testcase classname="tests.unit.test_literature_survey_m17" name="test_complete_bootstrap_crash_matrix[bootstrap:before_pointer_selection-prepared-1-True]" time="0.226" /><testcase classname="tests.unit.test_literature_survey_m17" name="test_complete_bootstrap_crash_matrix[bootstrap_current:after_temp_write-prepared-1-True]" time="0.235" /><testcase classname="tests.unit.test_literature_survey_m17" name="test_complete_bootstrap_crash_matrix[bootstrap_current:after_temp_fsync-prepared-1-True]" time="0.223" /><testcase classname="tests.unit.test_literature_survey_m17" name="test_complete_bootstrap_crash_matrix[bootstrap_current:after_replace-prepared-1-True]" time="0.232" /><testcase classname="tests.unit.test_literature_survey_m17" name="test_complete_bootstrap_crash_matrix[bootstrap_current:after_directory_fsync-prepared-1-True]" time="0.217" /><testcase classname="tests.unit.test_literature_survey_m17" name="test_complete_bootstrap_crash_matrix[bootstrap:after_pointer_selection-prepared-1-True]" time="0.227" /><testcase classname="tests.unit.test_literature_survey_m17" name="test_complete_bootstrap_crash_matrix[bootstrap_selected:after_history_fsync-selected_complete-1-True]" time="0.263" /><testcase classname="tests.unit.test_literature_survey_m17" name="test_complete_bootstrap_crash_matrix[bootstrap_selected:after_directory_fsync-selected_complete-1-True]" time="0.221" /></testsuite></testsuites>