<?xml version="1.0" encoding="utf-8"?><testsuites name="pytest tests"><testsuite name="pytest" errors="0" failures="0" skipped="0" tests="125" time="766.562" timestamp="2026-07-14T16:49:49.380484+08:00" hostname="DESKTOP-RF1Q5IJ"><testcase classname="tests.integration.test_cli_commands" name="test_cli_find_empty_store" time="0.017" /><testcase classname="tests.integration.test_cli_commands" name="test_cli_help_includes_review_inbox_export_and_citation_commands" time="0.016" /><testcase classname="tests.integration.test_cli_commands" name="test_cli_survey_safe_local_help_describes_bounded_supervisor_and_boundaries" time="0.017" /><testcase classname="tests.integration.test_cli_commands" name="test_cli_survey_build_writes_honest_skeleton" time="0.036" /><testcase classname="tests.integration.test_cli_commands" name="test_cli_survey_build_public_metadata_keeps_nonclaim_boundaries" time="0.106" /><testcase classname="tests.integration.test_cli_commands" name="test_cli_survey_anchors_extracts_source_anchors_without_claim_support" time="0.019" /><testcase classname="tests.integration.test_cli_commands" name="test_cli_survey_anchors_missing_source_is_source_gap_not_claim_support" time="0.021" /><testcase classname="tests.integration.test_cli_commands" name="test_survey_writer_guard_table_covers_every_registered_action" time="0.021" /><testcase classname="tests.integration.test_cli_commands" name="test_workflow_metadata_target_rejects_protected_root_before_mission_write" time="0.022" /><testcase classname="tests.integration.test_cli_commands" name="test_cli_survey_packet_composes_public_source_packet_with_blockers" time="0.067" /><testcase classname="tests.integration.test_cli_commands" name="test_cli_survey_packet_blocks_unsupported_claim_rows" time="0.022" /><testcase classname="tests.integration.test_cli_commands" name="test_cli_survey_run_public_source_workflow_stops_at_public_metadata_gate" time="0.083" /><testcase classname="tests.integration.test_cli_commands" name="test_cli_survey_run_public_source_workflow_can_create_safe_local_skeleton" time="0.125" /><testcase classname="tests.integration.test_cli_commands" name="test_cli_survey_run_public_source_workflow_confirmed_discovery_runs_metadata_once" time="0.169" /><testcase classname="tests.integration.test_cli_commands" name="test_cli_survey_run_public_source_workflow_recognizes_existing_ledgers" time="0.270" /><testcase classname="tests.integration.test_cli_commands" name="test_workflow_rejects_symlinked_packet_member_before_artifact_initialization" time="0.117" /><testcase classname="tests.integration.test_cli_commands" name="test_cli_survey_import_claim_review_writes_sidecar_without_prose_promotion" time="0.478" /><testcase classname="tests.integration.test_cli_commands" name="test_cli_survey_import_claim_review_rejects_unsafe_support" time="0.310" /><testcase classname="tests.integration.test_cli_commands" name="test_cli_survey_import_source_safety_review_writes_sidecar_without_prose_promotion" time="0.314" /><testcase classname="tests.integration.test_cli_commands" name="test_cli_survey_import_source_safety_review_rejects_unsafe_safety" time="0.664" /><testcase classname="tests.integration.test_cli_commands" name="test_cli_survey_import_omission_review_writes_sidecar_without_completeness_promotion" time="0.385" /><testcase classname="tests.integration.test_cli_commands" name="test_cli_survey_import_omission_review_rejects_unsafe_omissions" time="0.397" /><testcase classname="tests.integration.test_cli_commands" name="test_cli_survey_merge_reviewed_evidence_blocks_until_all_gates_clear" time="2.431" /><testcase classname="tests.integration.test_cli_commands" name="test_cli_survey_merge_unavailable_source_veto_is_valid_blocked_result" time="0.090" /><testcase classname="tests.integration.test_cli_commands" name="test_cli_survey_merge_reviewed_evidence_rejects_stale_sidecar" time="2.453" /><testcase classname="tests.integration.test_cli_commands" name="test_cli_survey_merge_rejects_rehashed_sidecar_outcome_rewrite" time="2.288" /><testcase classname="tests.integration.test_cli_commands" name="test_cli_survey_exact_four_type_merge_is_ready_only_for_reviewed_packet" time="2.330" /><testcase classname="tests.integration.test_cli_commands" name="test_cli_survey_merge_keeps_nonclear_source_outcomes_blocked[quarantined]" time="2.953" /><testcase classname="tests.integration.test_cli_commands" name="test_cli_survey_merge_keeps_nonclear_source_outcomes_blocked[blocked]" time="2.993" /><testcase classname="tests.integration.test_cli_commands" name="test_cli_survey_merge_keeps_accepted_open_workflow_disposition_blocked" time="2.981" /><testcase classname="tests.integration.test_cli_commands" name="test_cli_survey_exact_review_retry_and_merge_no_force_preserve_existing_output_bytes" time="2.596" /><testcase classname="tests.integration.test_cli_commands" name="test_resume_invalidates_ready_merge_after_current_sidecar_refresh" time="4.303" /><testcase classname="tests.integration.test_cli_commands" name="test_resume_rejects_symlinked_reviewed_evidence_without_following_it" time="3.086" /><testcase classname="tests.integration.test_cli_commands" name="test_cli_survey_workflow_review_rejects_inexact_same_type_evidence_scope[subset]" time="1.638" /><testcase classname="tests.integration.test_cli_commands" name="test_cli_survey_workflow_review_rejects_inexact_same_type_evidence_scope[superset]" time="2.002" /><testcase classname="tests.integration.test_cli_commands" name="test_cli_survey_workflow_review_rejects_inexact_same_type_evidence_scope[replacement]" time="1.638" /><testcase classname="tests.integration.test_cli_commands" name="test_merge_workflow_revalidation_rejects_inexact_same_type_scope[subset]" time="1.855" /><testcase classname="tests.integration.test_cli_commands" name="test_merge_workflow_revalidation_rejects_inexact_same_type_scope[superset]" time="1.555" /><testcase classname="tests.integration.test_cli_commands" name="test_merge_workflow_revalidation_rejects_inexact_same_type_scope[replacement]" time="1.580" /><testcase classname="tests.integration.test_cli_commands" name="test_cli_survey_run_public_source_workflow_resumes_reviewed_evidence_state" time="4.006" /><testcase classname="tests.integration.test_cli_commands" name="test_cli_survey_coverage_ledgers_composes_local_snowballing_ledgers" time="0.035" /><testcase classname="tests.integration.test_cli_commands" name="test_cli_survey_composes_reviewed_packet_then_runs_packet_only_hostile_review" time="5.406" /><testcase classname="tests.integration.test_cli_commands" name="test_orchestration_discovers_phase4_artifacts_and_hands_off_to_phase5" time="19.147" /><testcase classname="tests.integration.test_cli_commands" name="test_orchestration_repairs_packet_before_hostile_and_forces_orphan_view_recovery" time="13.366" /><testcase classname="tests.integration.test_cli_commands" name="test_cli_survey_run_public_source_workflow_hands_off_to_hostile_review_after_coverage" time="4.046" /><testcase classname="tests.integration.test_cli_commands" name="test_safe_local_supervisor_executes_merge_packet_hostile_and_terminal" time="55.214" /><testcase classname="tests.integration.test_cli_commands" name="test_safe_local_rejects_noncanonical_supplied_reviewed_root_before_merge" time="1.741" /><testcase classname="tests.integration.test_cli_commands" name="test_safe_local_supervisor_refreshes_only_optional_readiness_view[missing]" time="85.109" /><testcase classname="tests.integration.test_cli_commands" name="test_safe_local_supervisor_refreshes_only_optional_readiness_view[tampered]" time="81.811" /><testcase classname="tests.integration.test_cli_commands" name="test_safe_local_readiness_refresh_failure_preserves_authoritative_terminal" time="52.198" /><testcase classname="tests.integration.test_cli_commands" name="test_safe_local_supervisor_reports_replay_valid_blocked_hostile_terminal" time="67.137" /><testcase classname="tests.integration.test_cli_commands" name="test_safe_local_reviewed_merge_repair_state_matrix[replay_stale]" time="54.168" /><testcase classname="tests.integration.test_cli_commands" name="test_safe_local_reviewed_merge_repair_state_matrix[malformed]" time="3.463" /><testcase classname="tests.integration.test_cli_commands" name="test_safe_local_reviewed_merge_repair_state_matrix[noncanonical]" time="3.352" /><testcase classname="tests.integration.test_cli_commands" name="test_safe_local_reviewed_merge_repair_state_matrix[wrong_schema]" time="3.099" /><testcase classname="tests.integration.test_cli_commands" name="test_safe_local_reviewed_merge_repair_state_matrix[wrong_keys]" time="3.280" /><testcase classname="tests.integration.test_cli_commands" name="test_safe_local_reviewed_merge_repair_state_matrix[symlink]" time="2.156" /><testcase classname="tests.integration.test_cli_commands" name="test_safe_local_reviewed_merge_repair_state_matrix[nonregular]" time="2.175" /><testcase classname="tests.integration.test_cli_commands" name="test_safe_local_reviewed_merge_repair_state_matrix[empty_root]" time="45.291" /><testcase classname="tests.integration.test_cli_commands" name="test_safe_local_reviewed_merge_repair_state_matrix[stray]" time="2.627" /><testcase classname="tests.integration.test_cli_commands" name="test_safe_local_reviewed_packet_repair_state_matrix[replay_stale]" time="41.849" /><testcase classname="tests.integration.test_cli_commands" name="test_safe_local_reviewed_packet_repair_state_matrix[malformed]" time="5.988" /><testcase classname="tests.integration.test_cli_commands" name="test_safe_local_reviewed_packet_repair_state_matrix[noncanonical]" time="5.675" /><testcase classname="tests.integration.test_cli_commands" name="test_safe_local_reviewed_packet_repair_state_matrix[wrong_schema]" time="5.940" /><testcase classname="tests.integration.test_cli_commands" name="test_safe_local_reviewed_packet_repair_state_matrix[wrong_keys]" time="5.828" /><testcase classname="tests.integration.test_cli_commands" name="test_safe_local_reviewed_packet_repair_state_matrix[symlink]" time="3.907" /><testcase classname="tests.integration.test_cli_commands" name="test_safe_local_reviewed_packet_repair_state_matrix[nonregular]" time="4.468" /><testcase classname="tests.integration.test_cli_commands" name="test_safe_local_reviewed_packet_repair_state_matrix[empty_root]" time="5.758" /><testcase classname="tests.integration.test_cli_commands" name="test_safe_local_reviewed_packet_repair_state_matrix[stray]" time="3.808" /><testcase classname="tests.integration.test_cli_commands" name="test_safe_local_hostile_result_repair_state_matrix[replay_stale]" time="31.367" /><testcase classname="tests.integration.test_cli_commands" name="test_safe_local_hostile_result_repair_state_matrix[malformed]" time="9.742" /><testcase classname="tests.integration.test_cli_commands" name="test_safe_local_hostile_result_repair_state_matrix[noncanonical]" time="9.545" /><testcase classname="tests.integration.test_cli_commands" name="test_safe_local_hostile_result_repair_state_matrix[wrong_schema]" time="9.013" /><testcase classname="tests.integration.test_cli_commands" name="test_safe_local_hostile_result_repair_state_matrix[wrong_keys]" time="10.127" /><testcase classname="tests.integration.test_cli_commands" name="test_safe_local_hostile_result_repair_state_matrix[symlink]" time="6.374" /><testcase classname="tests.integration.test_cli_commands" name="test_safe_local_hostile_result_repair_state_matrix[nonregular]" time="6.069" /><testcase classname="tests.integration.test_cli_commands" name="test_safe_local_hostile_result_repair_state_matrix[empty_root]" time="5.983" /><testcase classname="tests.integration.test_cli_commands" name="test_safe_local_hostile_result_repair_state_matrix[stray]" time="6.068" /><testcase classname="tests.integration.test_cli_commands" name="test_safe_local_missing_each_review_sidecar_stops_without_dispatch[reviewed_claims-terminal_blocked_invalid_artifact-invalid_reviewed_authority-unexpected_claim_decision_set_path]" time="3.543" /><testcase classname="tests.integration.test_cli_commands" name="test_safe_local_missing_each_review_sidecar_stops_without_dispatch[reviewed_source_safety-terminal_blocked_invalid_artifact-invalid_reviewed_authority-unexpected_source_decision_set_path]" time="3.577" /><testcase classname="tests.integration.test_cli_commands" name="test_safe_local_missing_each_review_sidecar_stops_without_dispatch[reviewed_omissions-terminal_blocked_invalid_artifact-invalid_reviewed_authority-missing_omission_decision_artifact]" time="4.087" /><testcase classname="tests.integration.test_cli_commands" name="test_safe_local_missing_each_review_sidecar_stops_without_dispatch[reviewed_workflow_blockers-terminal_blocked_human_review-import_reviewed_workflow_blockers-explicit_review_input_is_required]" time="4.106" /><testcase classname="tests.integration.test_cli_commands" name="test_safe_local_open_reviewed_blockers_stop_before_packet_and_are_idempotent" time="10.353" /><testcase classname="tests.integration.test_cli_commands" name="test_upstream_packet_change_selects_new_set_and_retains_stale_decisions" time="2.394" /><testcase classname="tests.integration.test_cli_commands" name="test_stale_coverage_argument_blocks_before_current_selection_mutation" time="2.020" /><testcase classname="tests.integration.test_cli_commands" name="test_coverage_symlink_alias_blocks_before_current_selection_mutation" time="1.809" /><testcase classname="tests.integration.test_cli_commands" name="test_direct_review_consumers_reject_selected_path_symlink_aliases_without_output" time="2.110" /><testcase classname="tests.integration.test_cli_commands" name="test_cli_survey_build_public_metadata_emits_typed_citation_layers" time="0.111" /><testcase classname="tests.integration.test_cli_commands" name="test_cli_survey_build_offline_replay_writes_partial_packet" time="0.028" /><testcase classname="tests.integration.test_cli_commands" name="test_cli_surveybench_run_success_and_output_file" time="0.027" /><testcase classname="tests.integration.test_cli_commands" name="test_cli_surveybench_run_propagates_anchor_veto" time="0.081" /><testcase classname="tests.integration.test_cli_commands" name="test_cli_surveybench_local_manifest_success_and_failure" time="0.049" /><testcase classname="tests.integration.test_cli_commands" name="test_cli_surveybench_replay_call_and_audit" time="0.050" /><testcase classname="tests.integration.test_cli_commands" name="test_cli_surveybench_replay_call_blocks_unknown_endpoint" time="0.027" /><testcase classname="tests.integration.test_cli_commands" name="test_cli_surveybench_replay_transcript_writes_report" time="0.130" /><testcase classname="tests.integration.test_cli_commands" name="test_cli_surveybench_replay_score_success" time="0.238" /><testcase classname="tests.integration.test_cli_commands" name="test_cli_surveybench_stress_replay_audit_and_score_success" time="0.204" /><testcase classname="tests.integration.test_cli_commands" name="test_cli_surveybench_restricted_workspace" time="0.089" /><testcase classname="tests.integration.test_cli_commands" name="test_cli_surveybench_stress_restricted_workspace_and_launcher_dry_run" time="0.235" /><testcase classname="tests.integration.test_cli_commands" name="test_cli_surveybench_helper_bundle_commands" time="0.292" /><testcase classname="tests.integration.test_cli_commands" name="test_cli_surveybench_score_prose_hard_gate" time="0.346" /><testcase classname="tests.integration.test_cli_commands" name="test_cli_mcp_grant_and_audit_foundation" time="0.111" /><testcase classname="tests.integration.test_cli_commands" name="test_cli_mcp_grant_rejects_unbounded_batch" time="0.017" /><testcase classname="tests.integration.test_cli_commands" name="test_cli_review_write_propose_apply_and_conflict" time="0.099" /><testcase classname="tests.integration.test_cli_commands" name="test_cli_review_write_creates_distinct_repeated_proposals" time="0.083" /><testcase classname="tests.integration.test_cli_commands" name="test_cli_review_write_rejects_invalid_expiry" time="0.016" /><testcase classname="tests.integration.test_cli_commands" name="test_cli_review_write_cleanup_expired_is_dry_run_by_default" time="0.053" /><testcase classname="tests.integration.test_cli_commands" name="test_cli_find_reports_review_status" time="0.018" /><testcase classname="tests.integration.test_cli_commands" name="test_cli_find_applies_review_author_and_year_filters" time="0.017" /><testcase classname="tests.integration.test_cli_commands" name="test_cli_show_foregrounds_review_and_identity_validation" time="0.017" /><testcase classname="tests.integration.test_cli_commands" name="test_cli_show_surfaces_extraction_artifacts_and_parser_reconciliation" time="0.018" /><testcase classname="tests.integration.test_cli_commands" name="test_cli_review_commands_update_status" time="0.047" /><testcase classname="tests.integration.test_cli_commands" name="test_cli_export_context_writes_filtered_payload" time="0.017" /><testcase classname="tests.integration.test_cli_commands" name="test_cli_ingest_palazzo_uses_parser_consensus" time="0.064" /><testcase classname="tests.integration.test_cli_commands" name="test_cli_parse_pdf_reports_parser_capability_limits" time="0.015" /><testcase classname="tests.integration.test_cli_commands" name="test_cli_parser_preflight_reports_capability_limits" time="0.015" /><testcase classname="tests.integration.test_cli_commands" name="test_cli_discover_reports_degraded_source_status" time="0.015" /><testcase classname="tests.integration.test_cli_commands" name="test_cli_citation_neighborhood_reports_ranked_summary" time="0.032" /><testcase classname="tests.integration.test_cli_commands" name="test_cli_download_paper_reports_discovery_unavailable" time="0.015" /><testcase classname="tests.integration.test_cli_commands" name="test_cli_download_paper_reports_empty_discovery_without_silent_oa_failure" time="0.015" /><testcase classname="tests.integration.test_cli_commands" name="test_cli_download_paper_reports_results_without_open_access_pdf" time="0.016" /><testcase classname="tests.integration.test_cli_commands" name="test_cli_inbox_commands_show_persisted_proposals" time="0.066" /><testcase classname="tests.integration.test_cli_commands" name="test_cli_audit_workflow_stays_usable_when_citation_enrichment_is_unavailable" time="0.130" /><testcase classname="tests.integration.test_cli_commands" name="test_cli_local_ingest_audit_scenario_preserves_trust_checkpoints" time="0.218" /><testcase classname="tests.integration.test_cli_commands" name="test_cli_source_fetch_show_and_ingest_expose_structured_source" time="0.629" /></testsuite></testsuites>