<?xml version="1.0" encoding="utf-8"?><testsuites name="pytest tests"><testsuite name="pytest" errors="0" failures="0" skipped="0" tests="29" time="4.288" timestamp="2026-07-14T16:36:27.442524+08:00" hostname="DESKTOP-RF1Q5IJ"><testcase classname="tests.scripts.test_literature_survey_m19_live_metadata_supervisor" name="test_route_manifest_exact_values_and_bindings" time="0.001" /><testcase classname="tests.scripts.test_literature_survey_m19_live_metadata_supervisor" name="test_complete_ledger_and_closed_totals" time="0.000" /><testcase classname="tests.scripts.test_literature_survey_m19_live_metadata_supervisor" name="test_request_row_mutations_are_rejected[request_index-True]" time="0.000" /><testcase classname="tests.scripts.test_literature_survey_m19_live_metadata_supervisor" name="test_request_row_mutations_are_rejected[requested_port-True]" time="0.000" /><testcase classname="tests.scripts.test_literature_survey_m19_live_metadata_supervisor" name="test_request_row_mutations_are_rejected[configured_timeout_seconds-False]" time="0.000" /><testcase classname="tests.scripts.test_literature_survey_m19_live_metadata_supervisor" name="test_request_row_mutations_are_rejected[observed_elapsed_seconds-nan]" time="0.000" /><testcase classname="tests.scripts.test_literature_survey_m19_live_metadata_supervisor" name="test_request_row_mutations_are_rejected[accepted_payload_bytes-2000001]" time="0.000" /><testcase classname="tests.scripts.test_literature_survey_m19_live_metadata_supervisor" name="test_request_row_mutations_are_rejected[normalized_record_count-11]" time="0.000" /><testcase classname="tests.scripts.test_literature_survey_m19_live_metadata_supervisor" name="test_request_row_mutations_are_rejected[raw_response_saved-True]" time="0.000" /><testcase classname="tests.scripts.test_literature_survey_m19_live_metadata_supervisor" name="test_request_row_mutations_are_rejected[sanitized_error_code-raw secret exception]" time="0.001" /><testcase classname="tests.scripts.test_literature_survey_m19_live_metadata_supervisor" name="test_complete_ledger_requires_four_rows_and_no_boundary_invalidity" time="0.000" /><testcase classname="tests.scripts.test_literature_survey_m19_live_metadata_supervisor" name="test_closed_json_rejects_duplicate_keys_and_nonfinite" time="0.000" /><testcase classname="tests.scripts.test_literature_survey_m19_live_metadata_supervisor" name="test_stream_projection_exact_boundaries[0-True-empty]" time="0.000" /><testcase classname="tests.scripts.test_literature_survey_m19_live_metadata_supervisor" name="test_stream_projection_exact_boundaries[1-True-unexpected_output]" time="0.000" /><testcase classname="tests.scripts.test_literature_survey_m19_live_metadata_supervisor" name="test_stream_projection_exact_boundaries[65536-True-unexpected_output]" time="0.000" /><testcase classname="tests.scripts.test_literature_survey_m19_live_metadata_supervisor" name="test_stream_projection_exact_boundaries[65537-True-overflow]" time="0.000" /><testcase classname="tests.scripts.test_literature_survey_m19_live_metadata_supervisor" name="test_root_inventory_rejects_symlink_and_unknown_directory" time="0.002" /><testcase classname="tests.scripts.test_literature_survey_m19_live_metadata_supervisor" name="test_fake_supervisor_run_publishes_summary_last_without_network" time="0.143" /><testcase classname="tests.scripts.test_literature_survey_m19_live_metadata_supervisor" name="test_invalid_ipc_retains_zero_row_invalid_ledger_and_no_summary" time="0.042" /><testcase classname="tests.scripts.test_literature_survey_m19_live_metadata_supervisor" name="test_stream_overflow_is_counted_hashed_and_cannot_publish_summary" time="0.042" /><testcase classname="tests.scripts.test_literature_survey_m19_live_metadata_supervisor" name="test_oversized_or_extra_frames_are_invalid_ipc[_oversized_frame_worker]" time="0.302" /><testcase classname="tests.scripts.test_literature_survey_m19_live_metadata_supervisor" name="test_oversized_or_extra_frames_are_invalid_ipc[_extra_frame_worker]" time="0.302" /><testcase classname="tests.scripts.test_literature_survey_m19_live_metadata_supervisor" name="test_invalid_envelope_retains_only_validated_prefix" time="0.300" /><testcase classname="tests.scripts.test_literature_survey_m19_live_metadata_supervisor" name="test_existing_and_symlink_roots_are_preflight_blocked" time="0.006" /><testcase classname="tests.scripts.test_literature_survey_m19_live_metadata_supervisor" name="test_symlink_ancestor_is_preflight_blocked" time="0.001" /><testcase classname="tests.scripts.test_literature_survey_m19_live_metadata_supervisor" name="test_missing_parent_is_preflight_blocked" time="0.001" /><testcase classname="tests.scripts.test_literature_survey_m19_live_metadata_supervisor" name="test_atomic_publication_never_overwrites_racing_target" time="0.004" /><testcase classname="tests.scripts.test_literature_survey_m19_live_metadata_supervisor" name="test_soft_and_hard_worker_deadlines_are_classified" time="3.066" /><testcase classname="tests.scripts.test_literature_survey_m19_live_metadata_supervisor" name="test_watchdog_signals_group_worker_pid_and_supervisor" time="0.000" /></testsuite></testsuites>